2020-03-07 00:58:16.034  WARN 5916 --- [lava-daemon-pool-manager-3-thread-1] c.s.d.l.tools.GarbageCollectionMonitor   : Suspicious GC results for the last 2 minutes: [Bucket 0 = 0] [Bucket 20 = 0] [Bucket 50 = 0] [Bucket 200 = 1] [Bucket 500 = 0] [Bucket 2000 = 0] 
2020-03-07 00:58:23.682  WARN 5916 --- [lava-daemon-pool-manager-7-thread-1] c.s.d.l.tools.GarbageCollectionMonitor   : Suspicious GC results for the last 2 minutes: [Bucket 0 = 0] [Bucket 20 = 0] [Bucket 50 = 0] [Bucket 200 = 1] [Bucket 500 = 0] [Bucket 2000 = 0] 
2020-03-07 02:12:43.292  INFO 5916 --- [XNIO-1 task-3] l.server.player.AudioLoaderRestHandler   : GET /loadtracks
2020-03-07 02:12:43.868  INFO 5916 --- [lava-daemon-pool-info-loader-2-thread-1] lavalink.server.player.AudioLoader       : Loaded playlist Search results for: sofi tukker purple hat
2020-03-07 02:12:43.908  INFO 5916 --- [XNIO-1 I/O-1] lavalink.server.io.SocketServer          : {"track":"QAAAnAIAN1NPRkkgVFVLS0VSIC0gUHVycGxlIEhhdCAoT2ZmaWNpYWwgVmlkZW8pIFtVbHRyYSBNdXNpY10AC1VsdHJhIE11c2ljAAAAAAACuzgAC2hPRU1zcVd4NG5FAAEAK2h0dHBzOi8vd3d3LnlvdXR1YmUuY29tL3dhdGNoP3Y9aE9FTXNxV3g0bkUAB3lvdXR1YmUAAAAAAAAAAA==","startTime":0,"endTime":0,"noReplace":false,"guildId":"404731402429530132","op":"play"}
2020-03-07 02:12:44.289  INFO 5916 --- [XNIO-1 I/O-1] lavalink.server.io.SocketServer          : {"sessionId":"7a2caadb59375bb82414650afd9a776b","event":{"token":"d4d7c2600e837d48","guildid":"404731402429530132","endpoint":"eu-central680.discord.media:80"},"guildId":"404731402429530132","op":"voiceUpdate"}
2020-03-07 02:15:07.369  INFO 5916 --- [XNIO-1 I/O-1] lavalink.server.io.SocketServer          : {"guildId":"404731402429530132","op":"destroy"}
2020-03-07 02:53:31.936  INFO 5916 --- [XNIO-1 task-5] l.server.player.AudioLoaderRestHandler   : GET /loadtracks
2020-03-07 02:53:32.509  INFO 5916 --- [lava-daemon-pool-info-loader-2-thread-1] lavalink.server.player.AudioLoader       : Loaded playlist Search results for: everythingi wanted billy
2020-03-07 02:53:32.550  INFO 5916 --- [XNIO-1 I/O-1] lavalink.server.io.SocketServer          : {"track":"QAAAigIAI0JpbGxpZSBFaWxpc2ggLSBldmVyeXRoaW5nIGkgd2FudGVkAA1CaWxsaWUgRWlsaXNoAAAAAAAEZQAAC0VnQkptbFBvOFh3AAEAK2h0dHBzOi8vd3d3LnlvdXR1YmUuY29tL3dhdGNoP3Y9RWdCSm1sUG84WHcAB3lvdXR1YmUAAAAAAAAAAA==","startTime":0,"endTime":0,"noReplace":false,"guildId":"673512696288903199","op":"play"}
2020-03-07 02:53:32.864  INFO 5916 --- [XNIO-1 I/O-1] lavalink.server.io.SocketServer          : {"sessionId":"7a2caadb59375bb82414650afd9a776b","event":{"token":"0a54789446d39004","guildid":"673512696288903199","endpoint":"singapore457.discord.media:80"},"guildId":"673512696288903199","op":"voiceUpdate"}
2020-03-07 02:54:21.097  INFO 5916 --- [XNIO-1 task-7] l.server.player.AudioLoaderRestHandler   : GET /loadtracks
2020-03-07 02:54:21.680  INFO 5916 --- [lava-daemon-pool-info-loader-2-thread-1] lavalink.server.player.AudioLoader       : Loaded playlist Search results for: fix you
2020-03-07 02:54:35.939  INFO 5916 --- [XNIO-1 task-9] l.server.player.AudioLoaderRestHandler   : GET /loadtracks
2020-03-07 02:54:36.531  INFO 5916 --- [lava-daemon-pool-info-loader-2-thread-1] lavalink.server.player.AudioLoader       : Loaded playlist Search results for: scientist
2020-03-07 02:57:00.703  INFO 5916 --- [XNIO-1 task-11] l.server.player.AudioLoaderRestHandler   : GET /loadtracks
2020-03-07 02:57:01.224  INFO 5916 --- [lava-daemon-pool-info-loader-2-thread-1] lavalink.server.player.AudioLoader       : Loaded playlist Search results for: billie i love you
2020-03-07 02:57:24.678  INFO 5916 --- [XNIO-1 task-13] l.server.player.AudioLoaderRestHandler   : GET /loadtracks
2020-03-07 02:57:25.306  INFO 5916 --- [lava-daemon-pool-info-loader-2-thread-1] lavalink.server.player.AudioLoader       : Loaded playlist Search results for: coldplay in my place
2020-03-07 02:58:20.637  INFO 5916 --- [XNIO-1 I/O-1] lavalink.server.io.SocketServer          : {"track":"QAAAdAIAEkNvbGRwbGF5IC0gRml4IFlvdQAIQ29sZHBsYXkAAAAAAASEQAALazRWM01vNjFmSk0AAQAraHR0cHM6Ly93d3cueW91dHViZS5jb20vd2F0Y2g/dj1rNFYzTW82MWZKTQAHeW91dHViZQAAAAAAAAAA","startTime":0,"endTime":0,"noReplace":false,"guildId":"673512696288903199","op":"play"}
2020-03-07 02:59:00.538  INFO 5916 --- [XNIO-1 task-15] l.server.player.AudioLoaderRestHandler   : GET /loadtracks
2020-03-07 02:59:01.073  INFO 5916 --- [lava-daemon-pool-info-loader-2-thread-1] lavalink.server.player.AudioLoader       : Loaded playlist Search results for: the rythm of the night corona
2020-03-07 02:59:15.702  INFO 5916 --- [XNIO-1 task-17] l.server.player.AudioLoaderRestHandler   : GET /loadtracks
2020-03-07 02:59:16.216  INFO 5916 --- [lava-daemon-pool-info-loader-2-thread-1] lavalink.server.player.AudioLoader       : Loaded playlist Search results for: anthem n-joy
2020-03-07 02:59:47.337  INFO 5916 --- [XNIO-1 task-19] l.server.player.AudioLoaderRestHandler   : GET /loadtracks
2020-03-07 02:59:47.809  INFO 5916 --- [lava-daemon-pool-info-loader-2-thread-1] lavalink.server.player.AudioLoader       : Loaded playlist Search results for: mike posner cooler than me
2020-03-07 03:03:16.457  INFO 5916 --- [XNIO-1 I/O-1] lavalink.server.io.SocketServer          : {"track":"QAAAegIAGENvbGRwbGF5IC0gVGhlIFNjaWVudGlzdAAIQ29sZHBsYXkAAAAAAAQPEAALUkItUmNYNURTNUEAAQAraHR0cHM6Ly93d3cueW91dHViZS5jb20vd2F0Y2g/dj1SQi1SY1g1RFM1QQAHeW91dHViZQAAAAAAAAAA","startTime":0,"endTime":0,"noReplace":false,"guildId":"673512696288903199","op":"play"}
2020-03-07 03:06:21.059  INFO 5916 --- [lava-daemon-pool-playback-5-thread-1] o.apache.http.impl.execchain.RetryExec   : I/O exception (org.apache.http.NoHttpResponseException) caught when processing request to {s}->https://r1---sn-2uuxa3vh-jb3e6.googlevideo.com:443: The target server failed to respond
2020-03-07 03:06:21.107  INFO 5916 --- [lava-daemon-pool-playback-5-thread-1] o.apache.http.impl.execchain.RetryExec   : Retrying request to {s}->https://r1---sn-2uuxa3vh-jb3e6.googlevideo.com:443
2020-03-07 03:06:21.117  INFO 5916 --- [lava-daemon-pool-playback-5-thread-1] o.apache.http.impl.execchain.RetryExec   : I/O exception (org.apache.http.NoHttpResponseException) caught when processing request to {s}->https://r1---sn-2uuxa3vh-jb3e6.googlevideo.com:443: The target server failed to respond
2020-03-07 03:06:21.117  INFO 5916 --- [lava-daemon-pool-playback-5-thread-1] o.apache.http.impl.execchain.RetryExec   : Retrying request to {s}->https://r1---sn-2uuxa3vh-jb3e6.googlevideo.com:443
2020-03-07 03:06:21.164  INFO 5916 --- [lava-daemon-pool-playback-5-thread-1] o.apache.http.impl.execchain.RetryExec   : I/O exception (org.apache.http.NoHttpResponseException) caught when processing request to {s}->https://r1---sn-2uuxa3vh-jb3e6.googlevideo.com:443: The target server failed to respond
2020-03-07 03:06:21.164  INFO 5916 --- [lava-daemon-pool-playback-5-thread-1] o.apache.http.impl.execchain.RetryExec   : Retrying request to {s}->https://r1---sn-2uuxa3vh-jb3e6.googlevideo.com:443
2020-03-07 03:06:21.174  INFO 5916 --- [lava-daemon-pool-playback-5-thread-1] o.apache.http.impl.execchain.RetryExec   : I/O exception (org.apache.http.NoHttpResponseException) caught when processing request to {s}->https://r1---sn-2uuxa3vh-jb3e6.googlevideo.com:443: The target server failed to respond
2020-03-07 03:06:21.174  INFO 5916 --- [lava-daemon-pool-playback-5-thread-1] o.apache.http.impl.execchain.RetryExec   : Retrying request to {s}->https://r1---sn-2uuxa3vh-jb3e6.googlevideo.com:443
2020-03-07 03:06:21.588 ERROR 5916 --- [lava-daemon-pool-playback-5-thread-1] c.s.d.l.t.p.LocalAudioTrackExecutor      : Error in playback of RB-RcX5DS5A

com.sedmelluq.discord.lavaplayer.tools.FriendlyException: Something went wrong when decoding the track.
	at com.sedmelluq.discord.lavaplayer.tools.ExceptionTools.wrapUnfriendlyExceptions(ExceptionTools.java:43) ~[lavaplayer-1.3.32.jar!/:na]
	at com.sedmelluq.discord.lavaplayer.track.playback.LocalAudioTrackExecutor.executeProcessingLoop(LocalAudioTrackExecutor.java:280) ~[lavaplayer-1.3.32.jar!/:na]
	at com.sedmelluq.discord.lavaplayer.track.playback.LocalAudioTrackExecutor.executeProcessingLoop(LocalAudioTrackExecutor.java:236) ~[lavaplayer-1.3.32.jar!/:na]
	at com.sedmelluq.discord.lavaplayer.container.matroska.MatroskaAudioTrack.process(MatroskaAudioTrack.java:39) ~[lavaplayer-1.3.32.jar!/:na]
	at com.sedmelluq.discord.lavaplayer.track.DelegatedAudioTrack.processDelegate(DelegatedAudioTrack.java:25) ~[lavaplayer-1.3.32.jar!/:na]
	at com.sedmelluq.discord.lavaplayer.source.youtube.YoutubeAudioTrack.processStatic(YoutubeAudioTrack.java:57) ~[lavaplayer-1.3.32.jar!/:na]
	at com.sedmelluq.discord.lavaplayer.source.youtube.YoutubeAudioTrack.process(YoutubeAudioTrack.java:49) ~[lavaplayer-1.3.32.jar!/:na]
	at com.sedmelluq.discord.lavaplayer.track.playback.LocalAudioTrackExecutor.execute(LocalAudioTrackExecutor.java:91) ~[lavaplayer-1.3.32.jar!/:na]
	at com.sedmelluq.discord.lavaplayer.player.DefaultAudioPlayerManager.lambda$executeTrack$1(DefaultAudioPlayerManager.java:349) ~[lavaplayer-1.3.32.jar!/:na]
	at java.base/java.util.concurrent.ThreadPoolExecutor.runWorker(ThreadPoolExecutor.java:1128) ~[na:na]
	at java.base/java.util.concurrent.ThreadPoolExecutor$Worker.run(ThreadPoolExecutor.java:628) ~[na:na]
	at java.base/java.lang.Thread.run(Thread.java:834) ~[na:na]
Caused by: java.lang.RuntimeException: org.apache.http.NoHttpResponseException: r1---sn-2uuxa3vh-jb3e6.googlevideo.com:443 failed to respond
	at com.sedmelluq.discord.lavaplayer.container.matroska.MatroskaStreamingFile.provideFrames(MatroskaStreamingFile.java:309) ~[lavaplayer-1.3.32.jar!/:na]
	at com.sedmelluq.discord.lavaplayer.container.matroska.MatroskaAudioTrack.lambda$process$0(MatroskaAudioTrack.java:40) ~[lavaplayer-1.3.32.jar!/:na]
	at com.sedmelluq.discord.lavaplayer.track.playback.LocalAudioTrackExecutor.executeProcessingLoop(LocalAudioTrackExecutor.java:262) ~[lavaplayer-1.3.32.jar!/:na]
	... 10 common frames omitted
Caused by: org.apache.http.NoHttpResponseException: r1---sn-2uuxa3vh-jb3e6.googlevideo.com:443 failed to respond
	at org.apache.http.impl.conn.DefaultHttpResponseParser.parseHead(DefaultHttpResponseParser.java:141) ~[httpclient-4.5.10.jar!/:4.5.10]
	at org.apache.http.impl.conn.DefaultHttpResponseParser.parseHead(DefaultHttpResponseParser.java:56) ~[httpclient-4.5.10.jar!/:4.5.10]
	at org.apache.http.impl.io.AbstractMessageParser.parse(AbstractMessageParser.java:259) ~[httpcore-4.4.12.jar!/:4.4.12]
	at org.apache.http.impl.DefaultBHttpClientConnection.receiveResponseHeader(DefaultBHttpClientConnection.java:163) ~[httpcore-4.4.12.jar!/:4.4.12]
	at org.apache.http.impl.conn.CPoolProxy.receiveResponseHeader(CPoolProxy.java:157) ~[httpclient-4.5.10.jar!/:4.5.10]
	at org.apache.http.protocol.HttpRequestExecutor.doReceiveResponse(HttpRequestExecutor.java:273) ~[httpcore-4.4.12.jar!/:4.4.12]
	at org.apache.http.protocol.HttpRequestExecutor.execute(HttpRequestExecutor.java:125) ~[httpcore-4.4.12.jar!/:4.4.12]
	at org.apache.http.impl.execchain.MainClientExec.execute(MainClientExec.java:272) ~[httpclient-4.5.10.jar!/:4.5.10]
	at org.apache.http.impl.execchain.ProtocolExec.execute(ProtocolExec.java:186) ~[httpclient-4.5.10.jar!/:4.5.10]
	at org.apache.http.impl.execchain.RetryExec.execute(RetryExec.java:89) ~[httpclient-4.5.10.jar!/:4.5.10]
	at org.apache.http.impl.execchain.RedirectExec.execute(RedirectExec.java:110) ~[httpclient-4.5.10.jar!/:4.5.10]
	at org.apache.http.impl.client.InternalHttpClient.doExecute(InternalHttpClient.java:185) ~[httpclient-4.5.10.jar!/:4.5.10]
	at org.apache.http.impl.client.CloseableHttpClient.execute(CloseableHttpClient.java:83) ~[httpclient-4.5.10.jar!/:4.5.10]
	at com.sedmelluq.discord.lavaplayer.tools.io.HttpInterface.execute(HttpInterface.java:72) ~[lavaplayer-1.3.32.jar!/:na]
	at com.sedmelluq.discord.lavaplayer.tools.io.PersistentHttpStream.attemptConnect(PersistentHttpStream.java:113) ~[lavaplayer-1.3.32.jar!/:na]
	at com.sedmelluq.discord.lavaplayer.tools.io.PersistentHttpStream.connect(PersistentHttpStream.java:105) ~[lavaplayer-1.3.32.jar!/:na]
	at com.sedmelluq.discord.lavaplayer.tools.io.PersistentHttpStream.internalRead(PersistentHttpStream.java:170) ~[lavaplayer-1.3.32.jar!/:na]
	at com.sedmelluq.discord.lavaplayer.tools.io.PersistentHttpStream.internalRead(PersistentHttpStream.java:180) ~[lavaplayer-1.3.32.jar!/:na]
	at com.sedmelluq.discord.lavaplayer.tools.io.PersistentHttpStream.read(PersistentHttpStream.java:186) ~[lavaplayer-1.3.32.jar!/:na]
	at java.base/java.io.DataInputStream.readFully(DataInputStream.java:200) ~[na:na]
	at com.sedmelluq.discord.lavaplayer.container.matroska.format.MutableMatroskaBlock.getNextFrameBuffer(MutableMatroskaBlock.java:54) ~[lavaplayer-1.3.32.jar!/:na]
	at com.sedmelluq.discord.lavaplayer.container.matroska.MatroskaStreamingFile.processFrameInBlock(MatroskaStreamingFile.java:372) ~[lavaplayer-1.3.32.jar!/:na]
	at com.sedmelluq.discord.lavaplayer.container.matroska.MatroskaStreamingFile.parseClusterSimpleBlock(MatroskaStreamingFile.java:336) ~[lavaplayer-1.3.32.jar!/:na]
	at com.sedmelluq.discord.lavaplayer.container.matroska.MatroskaStreamingFile.parseNextCluster(MatroskaStreamingFile.java:321) ~[lavaplayer-1.3.32.jar!/:na]
	at com.sedmelluq.discord.lavaplayer.container.matroska.MatroskaStreamingFile.provideFrames(MatroskaStreamingFile.java:297) ~[lavaplayer-1.3.32.jar!/:na]
	... 12 common frames omitted

2020-03-07 03:06:21.591  INFO 5916 --- [XNIO-1 I/O-1] lavalink.server.io.SocketServer          : {"guildId":"673512696288903199","op":"destroy"}
2020-03-07 03:07:01.045  INFO 5916 --- [XNIO-1 task-21] l.server.player.AudioLoaderRestHandler   : GET /loadtracks
2020-03-07 03:07:01.651  INFO 5916 --- [lava-daemon-pool-info-loader-2-thread-1] lavalink.server.player.AudioLoader       : Loaded playlist Search results for: rythm of the night corona
2020-03-07 03:07:01.655  INFO 5916 --- [XNIO-1 I/O-1] lavalink.server.io.SocketServer          : {"track":"QAAAhQIAHENvcm9uYSAtIFJoeXRobSBvZiB0aGUgTmlnaHQAD2hvdXNlRW50aHVzaWFzdAAAAAAAA36IAAt1M2x0Wm1JNUxRdwABACtodHRwczovL3d3dy55b3V0dWJlLmNvbS93YXRjaD92PXUzbHRabUk1TFF3AAd5b3V0dWJlAAAAAAAAAAA=","startTime":0,"endTime":0,"noReplace":false,"guildId":"673512696288903199","op":"play"}
2020-03-07 03:07:02.013  INFO 5916 --- [XNIO-1 I/O-1] lavalink.server.io.SocketServer          : {"sessionId":"7a2caadb59375bb82414650afd9a776b","event":{"token":"837d747822bbc6a9","guildid":"673512696288903199","endpoint":"singapore457.discord.media:80"},"guildId":"673512696288903199","op":"voiceUpdate"}
2020-03-07 03:07:08.582  INFO 5916 --- [XNIO-1 task-23] l.server.player.AudioLoaderRestHandler   : GET /loadtracks
2020-03-07 03:07:09.145  INFO 5916 --- [lava-daemon-pool-info-loader-2-thread-1] lavalink.server.player.AudioLoader       : Loaded playlist Search results for: mike posner cooler than me
2020-03-07 03:07:17.947  INFO 5916 --- [XNIO-1 task-25] l.server.player.AudioLoaderRestHandler   : GET /loadtracks
2020-03-07 03:07:18.524  INFO 5916 --- [lava-daemon-pool-info-loader-2-thread-1] lavalink.server.player.AudioLoader       : Loaded playlist Search results for: n-joy anthem
2020-03-07 03:07:28.619  INFO 5916 --- [XNIO-1 task-27] l.server.player.AudioLoaderRestHandler   : GET /loadtracks
2020-03-07 03:07:29.046  INFO 5916 --- [lava-daemon-pool-info-loader-2-thread-1] lavalink.server.player.AudioLoader       : Loaded playlist Search results for: meet me halfway
2020-03-07 03:07:32.808  INFO 5916 --- [XNIO-1 I/O-1] lavalink.server.io.SocketServer          : {"volume":20,"guildId":"673512696288903199","op":"volume"}
2020-03-07 03:08:06.104  INFO 5916 --- [XNIO-1 task-29] l.server.player.AudioLoaderRestHandler   : GET /loadtracks
2020-03-07 03:08:06.624  INFO 5916 --- [lava-daemon-pool-info-loader-2-thread-1] lavalink.server.player.AudioLoader       : Loaded playlist Search results for: m83 midnight city
2020-03-07 03:10:50.500  INFO 5916 --- [XNIO-1 I/O-1] lavalink.server.io.SocketServer          : {"track":"QAAAmAIAM01pa2UgUG9zbmVyIC0gQ29vbGVyIFRoYW4gTWUgKE9mZmljaWFsIE11c2ljIFZpZGVvKQALTWlrZSBQb3NuZXIAAAAAAAQ2IAALbXFXcV80OEx4V1EAAQAraHR0cHM6Ly93d3cueW91dHViZS5jb20vd2F0Y2g/dj1tcVdxXzQ4THhXUQAHeW91dHViZQAAAAAAAAAA","startTime":0,"endTime":0,"noReplace":false,"guildId":"673512696288903199","op":"play"}
2020-03-07 03:15:25.923  INFO 5916 --- [XNIO-1 I/O-1] lavalink.server.io.SocketServer          : {"track":"QAAAfgIAH04tSm9pIC0gQW50aGVtIChPZmZpY2lhbCBWaWRlbykABU4tSk9JAAAAAAADrWgAC21EVVJDaFE3dzU0AAEAK2h0dHBzOi8vd3d3LnlvdXR1YmUuY29tL3dhdGNoP3Y9bURVUkNoUTd3NTQAB3lvdXR1YmUAAAAAAAAAAA==","startTime":0,"endTime":0,"noReplace":false,"guildId":"673512696288903199","op":"play"}
2020-03-07 03:19:26.062  INFO 5916 --- [XNIO-1 I/O-1] lavalink.server.io.SocketServer          : {"track":"QAAApQIAPFRoZSBCbGFjayBFeWVkIFBlYXMgLSBNZWV0IE1lIEhhbGZ3YXkgKE9mZmljaWFsIE11c2ljIFZpZGVvKQAPQmxhY2sgRXllZCBQZWFzAAAAAAAEbNAAC0k3SGFoVndZcHdvAAEAK2h0dHBzOi8vd3d3LnlvdXR1YmUuY29tL3dhdGNoP3Y9STdIYWhWd1lwd28AB3lvdXR1YmUAAAAAAAAAAA==","startTime":0,"endTime":0,"noReplace":false,"guildId":"673512696288903199","op":"play"}
2020-03-07 03:24:15.430  INFO 5916 --- [XNIO-1 I/O-1] lavalink.server.io.SocketServer          : {"track":"QAAAfwIAIk04MyAnTWlkbmlnaHQgQ2l0eScgT2ZmaWNpYWwgdmlkZW8AA004MwAAAAAAA7kgAAtkWDNrX1FEbnpIRQABACtodHRwczovL3d3dy55b3V0dWJlLmNvbS93YXRjaD92PWRYM2tfUURuekhFAAd5b3V0dWJlAAAAAAAAAAA=","startTime":0,"endTime":0,"noReplace":false,"guildId":"673512696288903199","op":"play"}
2020-03-07 03:28:18.689  INFO 5916 --- [XNIO-1 task-31] l.server.player.AudioLoaderRestHandler   : GET /loadtracks
2020-03-07 03:28:19.313  INFO 5916 --- [lava-daemon-pool-info-loader-2-thread-1] lavalink.server.player.AudioLoader       : Loaded playlist Search results for: M83 'Midnight City' Official video
2020-03-07 03:28:19.319  INFO 5916 --- [XNIO-1 I/O-1] lavalink.server.io.SocketServer          : {"track":"QAAAkAIALU04My0gTWlkbmlnaHQgQ2l0eSAoSHVycnkgVXAsIFdlJ3JlIERyZWFtaW5nKQAJMzMybXlhbGV4AAAAAAADvQgAC1k4X2J6NFo0MWNjAAEAK2h0dHBzOi8vd3d3LnlvdXR1YmUuY29tL3dhdGNoP3Y9WThfYno0WjQxY2MAB3lvdXR1YmUAAAAAAAAAAA==","startTime":0,"endTime":0,"noReplace":false,"guildId":"673512696288903199","op":"play"}
2020-03-07 03:32:23.487  INFO 5916 --- [XNIO-1 task-1] l.server.player.AudioLoaderRestHandler   : GET /loadtracks
2020-03-07 03:32:24.061  INFO 5916 --- [lava-daemon-pool-info-loader-2-thread-1] lavalink.server.player.AudioLoader       : Loaded playlist Search results for: M83- Midnight City (Hurry Up, We're Dreaming)
2020-03-07 03:32:24.067  INFO 5916 --- [XNIO-1 I/O-1] lavalink.server.io.SocketServer          : {"track":"QAAAfwIAIk04MyAnTWlkbmlnaHQgQ2l0eScgT2ZmaWNpYWwgdmlkZW8AA004MwAAAAAAA7kgAAtkWDNrX1FEbnpIRQABACtodHRwczovL3d3dy55b3V0dWJlLmNvbS93YXRjaD92PWRYM2tfUURuekhFAAd5b3V0dWJlAAAAAAAAAAA=","startTime":0,"endTime":0,"noReplace":false,"guildId":"673512696288903199","op":"play"}
2020-03-07 03:36:27.179  INFO 5916 --- [XNIO-1 task-3] l.server.player.AudioLoaderRestHandler   : GET /loadtracks
2020-03-07 03:36:27.701  INFO 5916 --- [lava-daemon-pool-info-loader-2-thread-1] lavalink.server.player.AudioLoader       : Loaded playlist Search results for: M83 'Midnight City' Official video
2020-03-07 03:36:27.708  INFO 5916 --- [XNIO-1 I/O-1] lavalink.server.io.SocketServer          : {"track":"QAAAmAIAL004MyAtIE1pZG5pZ2h0IENpdHkgTGl2ZSBAIFN6aWdldCBGZXN0aXZhbCAyMDE2AA9TemlnZXQgRmVzdGl2YWwAAAAAAAP3oAALRXJyS1JUM1ZqS2sAAQAraHR0cHM6Ly93d3cueW91dHViZS5jb20vd2F0Y2g/dj1FcnJLUlQzVmpLawAHeW91dHViZQAAAAAAAAAA","startTime":0,"endTime":0,"noReplace":false,"guildId":"673512696288903199","op":"play"}
2020-03-07 03:40:47.378  INFO 5916 --- [XNIO-1 task-5] l.server.player.AudioLoaderRestHandler   : GET /loadtracks
2020-03-07 03:40:47.933  INFO 5916 --- [lava-daemon-pool-info-loader-2-thread-1] lavalink.server.player.AudioLoader       : Loaded playlist Search results for: M83 - Midnight City Live @ Sziget Festival 2016
2020-03-07 03:40:47.974  INFO 5916 --- [XNIO-1 I/O-1] lavalink.server.io.SocketServer          : {"track":"QAAAfAIAH004MyAtIFVuIE5vdXZlYXUgU29sZWlsIChhdWRpbykAA004MwAAAAAABiogAAszNm1sWDMxOFEzdwABACtodHRwczovL3d3dy55b3V0dWJlLmNvbS93YXRjaD92PTM2bWxYMzE4UTN3AAd5b3V0dWJlAAAAAAAAAAA=","startTime":0,"endTime":0,"noReplace":false,"guildId":"673512696288903199","op":"play"}
2020-03-07 03:47:31.572  INFO 5916 --- [XNIO-1 task-7] l.server.player.AudioLoaderRestHandler   : GET /loadtracks
2020-03-07 03:47:32.227  INFO 5916 --- [lava-daemon-pool-info-loader-2-thread-1] lavalink.server.player.AudioLoader       : Loaded playlist Search results for: M83 - Un Nouveau Soleil (audio)
2020-03-07 03:47:32.232  INFO 5916 --- [XNIO-1 I/O-1] lavalink.server.io.SocketServer          : {"track":"QAAAfAIAH004MyAtIFVuIE5vdXZlYXUgU29sZWlsIChhdWRpbykAA004MwAAAAAABiogAAszNm1sWDMxOFEzdwABACtodHRwczovL3d3dy55b3V0dWJlLmNvbS93YXRjaD92PTM2bWxYMzE4UTN3AAd5b3V0dWJlAAAAAAAAAAA=","startTime":0,"endTime":0,"noReplace":false,"guildId":"673512696288903199","op":"play"}
2020-03-07 03:54:15.765  INFO 5916 --- [XNIO-1 task-9] l.server.player.AudioLoaderRestHandler   : GET /loadtracks
2020-03-07 03:54:16.283  INFO 5916 --- [lava-daemon-pool-info-loader-2-thread-1] lavalink.server.player.AudioLoader       : Loaded playlist Search results for: M83 - Un Nouveau Soleil (audio)
2020-03-07 03:54:16.286  INFO 5916 --- [XNIO-1 I/O-1] lavalink.server.io.SocketServer          : {"track":"QAAAeAIAD004MyAtIFN0YXJ3YXZlcwAPUmljaGFyZCBTYWxpbmFzAAAAAAADX0gACzFxU0Q3ZUVLOW9nAAEAK2h0dHBzOi8vd3d3LnlvdXR1YmUuY29tL3dhdGNoP3Y9MXFTRDdlRUs5b2cAB3lvdXR1YmUAAAAAAAAAAA==","startTime":0,"endTime":0,"noReplace":false,"guildId":"673512696288903199","op":"play"}
2020-03-07 03:57:56.776  INFO 5916 --- [XNIO-1 task-11] l.server.player.AudioLoaderRestHandler   : GET /loadtracks
2020-03-07 03:57:57.227  INFO 5916 --- [lava-daemon-pool-info-loader-2-thread-1] lavalink.server.player.AudioLoader       : Loaded playlist Search results for: M83 - Starwaves
2020-03-07 03:57:57.263  INFO 5916 --- [XNIO-1 I/O-1] lavalink.server.io.SocketServer          : {"track":"QAAAfAIAH004MyAtIFVuIE5vdXZlYXUgU29sZWlsIChhdWRpbykAA004MwAAAAAABiogAAszNm1sWDMxOFEzdwABACtodHRwczovL3d3dy55b3V0dWJlLmNvbS93YXRjaD92PTM2bWxYMzE4UTN3AAd5b3V0dWJlAAAAAAAAAAA=","startTime":0,"endTime":0,"noReplace":false,"guildId":"673512696288903199","op":"play"}
2020-03-07 04:04:40.641  INFO 5916 --- [XNIO-1 task-13] l.server.player.AudioLoaderRestHandler   : GET /loadtracks
2020-03-07 04:04:41.188  INFO 5916 --- [lava-daemon-pool-info-loader-2-thread-1] lavalink.server.player.AudioLoader       : Loaded playlist Search results for: M83 - Un Nouveau Soleil (audio)
2020-03-07 04:04:41.198  INFO 5916 --- [XNIO-1 I/O-1] lavalink.server.io.SocketServer          : {"track":"QAAAfAIAH004MyAtIFVuIE5vdXZlYXUgU29sZWlsIChhdWRpbykAA004MwAAAAAABiogAAszNm1sWDMxOFEzdwABACtodHRwczovL3d3dy55b3V0dWJlLmNvbS93YXRjaD92PTM2bWxYMzE4UTN3AAd5b3V0dWJlAAAAAAAAAAA=","startTime":0,"endTime":0,"noReplace":false,"guildId":"673512696288903199","op":"play"}
2020-03-07 04:11:24.707  INFO 5916 --- [XNIO-1 task-15] l.server.player.AudioLoaderRestHandler   : GET /loadtracks
2020-03-07 04:11:25.163  INFO 5916 --- [lava-daemon-pool-info-loader-2-thread-1] lavalink.server.player.AudioLoader       : Loaded playlist Search results for: M83 - Un Nouveau Soleil (audio)
2020-03-07 04:11:25.170  INFO 5916 --- [XNIO-1 I/O-1] lavalink.server.io.SocketServer          : {"track":"QAAAfgIAGk04MyAtIFN0YXJ3YXZlcyAoRXh0ZW5kZWQpAApsYWNyaW1vc2FlAAAAAAAMSIgAC3VEeDhnRkpuWUxjAAEAK2h0dHBzOi8vd3d3LnlvdXR1YmUuY29tL3dhdGNoP3Y9dUR4OGdGSm5ZTGMAB3lvdXR1YmUAAAAAAAAAAA==","startTime":0,"endTime":0,"noReplace":false,"guildId":"673512696288903199","op":"play"}
2020-03-07 04:24:49.906  INFO 5916 --- [XNIO-1 task-17] l.server.player.AudioLoaderRestHandler   : GET /loadtracks
2020-03-07 04:24:50.366  INFO 5916 --- [lava-daemon-pool-info-loader-2-thread-1] lavalink.server.player.AudioLoader       : Loaded playlist Search results for: M83 - Starwaves (Extended)
2020-03-07 04:24:50.375  INFO 5916 --- [XNIO-1 I/O-1] lavalink.server.io.SocketServer          : {"track":"QAAAlAIAME04MyBQZXJmb3JtcyBPYmxpdmlvbiBGZWF0dXJpbmcgU3VzYW5uZSBTdW5kZsO4cgAKRGF2aWVlZWU4NwAAAAAAA8TYAAswNUdQaUtQeWxIWQABACtodHRwczovL3d3dy55b3V0dWJlLmNvbS93YXRjaD92PTA1R1BpS1B5bEhZAAd5b3V0dWJlAAAAAAAAAAA=","startTime":0,"endTime":0,"noReplace":false,"guildId":"673512696288903199","op":"play"}
2020-03-07 04:28:57.036  INFO 5916 --- [XNIO-1 task-19] l.server.player.AudioLoaderRestHandler   : GET /loadtracks
2020-03-07 04:28:57.531  INFO 5916 --- [lava-daemon-pool-info-loader-2-thread-1] lavalink.server.player.AudioLoader       : Loaded playlist Search results for: M83 Performs Oblivion Featuring Susanne Sundfør
2020-03-07 04:28:57.538  INFO 5916 --- [XNIO-1 I/O-1] lavalink.server.io.SocketServer          : {"track":"QAAAfQIAF004MyBPYmxpdmlvbiBEcnVtIENvdmVyAAxEYXZpZCBDaGV2YWwAAAAAAARJqAALWWZLY0I1SmhtVTAAAQAraHR0cHM6Ly93d3cueW91dHViZS5jb20vd2F0Y2g/dj1ZZktjQjVKaG1VMAAHeW91dHViZQAAAAAAAAAA","startTime":0,"endTime":0,"noReplace":false,"guildId":"673512696288903199","op":"play"}
2020-03-07 04:33:38.476  INFO 5916 --- [XNIO-1 task-21] l.server.player.AudioLoaderRestHandler   : GET /loadtracks
2020-03-07 04:33:38.948  INFO 5916 --- [lava-daemon-pool-info-loader-2-thread-1] lavalink.server.player.AudioLoader       : No matches found
2020-03-07 04:33:38.952  INFO 5916 --- [XNIO-1 task-23] l.server.player.AudioLoaderRestHandler   : GET /loadtracks
2020-03-07 04:33:39.453  INFO 5916 --- [lava-daemon-pool-info-loader-2-thread-1] lavalink.server.player.AudioLoader       : Loaded playlist Search results for: David Cheval
2020-03-07 04:33:39.461  INFO 5916 --- [XNIO-1 I/O-1] lavalink.server.io.SocketServer          : {"track":"QAAAhwIAIVBsYWNlYm8gTG91ZCBsaWtlIGxvdmUgRHJ1bSBDb3ZlcgAMRGF2aWQgQ2hldmFsAAAAAAAEcLgAC3N1SWFyOUhQY3hjAAEAK2h0dHBzOi8vd3d3LnlvdXR1YmUuY29tL3dhdGNoP3Y9c3VJYXI5SFBjeGMAB3lvdXR1YmUAAAAAAAAAAA==","startTime":0,"endTime":0,"noReplace":false,"guildId":"673512696288903199","op":"play"}
2020-03-07 04:38:29.755  INFO 5916 --- [XNIO-1 task-25] l.server.player.AudioLoaderRestHandler   : GET /loadtracks
2020-03-07 04:38:30.260  INFO 5916 --- [lava-daemon-pool-info-loader-2-thread-1] lavalink.server.player.AudioLoader       : Loaded playlist Search results for: Placebo Loud like love Drum Cover
2020-03-07 04:38:30.265  INFO 5916 --- [XNIO-1 I/O-1] lavalink.server.io.SocketServer          : {"track":"QAAAkgIAL1BsYWNlYm8gTGl2ZSBAIENhbmFsKyAtTG91ZCBMaWtlIExvdmUgLSAyMDEzIEhEAAlNYW5keWFzeHgAAAAAAAT9WAALWk9sNHlaelBXYnMAAQAraHR0cHM6Ly93d3cueW91dHViZS5jb20vd2F0Y2g/dj1aT2w0eVp6UFdicwAHeW91dHViZQAAAAAAAAAA","startTime":0,"endTime":0,"noReplace":false,"guildId":"673512696288903199","op":"play"}
2020-03-07 04:43:57.120  INFO 5916 --- [XNIO-1 task-27] l.server.player.AudioLoaderRestHandler   : GET /loadtracks
2020-03-07 04:43:57.640  INFO 5916 --- [lava-daemon-pool-info-loader-2-thread-1] lavalink.server.player.AudioLoader       : Loaded playlist Search results for: Placebo Live @ Canal+ -Loud Like Love - 2013 HD
2020-03-07 04:43:57.647  INFO 5916 --- [XNIO-1 I/O-1] lavalink.server.io.SocketServer          : {"track":"QAAAhAIAJFBsYWNlYm8gLSBUd2VudHkgWWVhcnMgKExpdmUgOCAyMDA1KQAGTGl2ZSA4AAAAAAAFO9gAC0loR0ZXTzl2cjhzAAEAK2h0dHBzOi8vd3d3LnlvdXR1YmUuY29tL3dhdGNoP3Y9SWhHRldPOXZyOHMAB3lvdXR1YmUAAAAAAAAAAA==","startTime":0,"endTime":0,"noReplace":false,"guildId":"673512696288903199","op":"play"}
2020-03-07 04:49:40.234  INFO 5916 --- [XNIO-1 task-29] l.server.player.AudioLoaderRestHandler   : GET /loadtracks
2020-03-07 04:49:40.809  INFO 5916 --- [lava-daemon-pool-info-loader-2-thread-1] lavalink.server.player.AudioLoader       : Loaded playlist Search results for: Placebo - Twenty Years (Live 8 2005)
2020-03-07 04:49:40.814  INFO 5916 --- [XNIO-1 I/O-1] lavalink.server.io.SocketServer          : {"track":"QAAAjQIAJ1BsYWNlYm8gLSBUd2VudHkgWWVhcnMgW0NhbmFsKyAyMDEzXSBIRAAMU3Vja2VyTG92ZUhEAAAAAAAEWUgAC1JSUUhXb3VKUDFRAAEAK2h0dHBzOi8vd3d3LnlvdXR1YmUuY29tL3dhdGNoP3Y9UlJRSFdvdUpQMVEAB3lvdXR1YmUAAAAAAAAAAA==","startTime":0,"endTime":0,"noReplace":false,"guildId":"673512696288903199","op":"play"}
2020-03-07 04:54:24.712  INFO 5916 --- [XNIO-1 task-31] l.server.player.AudioLoaderRestHandler   : GET /loadtracks
2020-03-07 04:54:25.251  INFO 5916 --- [lava-daemon-pool-info-loader-2-thread-1] lavalink.server.player.AudioLoader       : Loaded playlist Search results for: Placebo - Twenty Years [Canal+ 2013] HD
2020-03-07 04:54:25.254  INFO 5916 --- [XNIO-1 I/O-1] lavalink.server.io.SocketServer          : {"track":"QAAAjwIAKVBsYWNlYm8gLSBUd2VudHkgWWVhcnMgW1BhcmlzLUJlcmN5IDIwMTNdAAxTdWNrZXJMb3ZlSEQAAAAAAAQHQAALSlUzV1p5WDZ1MTAAAQAraHR0cHM6Ly93d3cueW91dHViZS5jb20vd2F0Y2g/dj1KVTNXWnlYNnUxMAAHeW91dHViZQAAAAAAAAAA","startTime":0,"endTime":0,"noReplace":false,"guildId":"673512696288903199","op":"play"}
2020-03-07 04:58:49.003  INFO 5916 --- [XNIO-1 task-1] l.server.player.AudioLoaderRestHandler   : GET /loadtracks
2020-03-07 04:58:49.471  INFO 5916 --- [lava-daemon-pool-info-loader-2-thread-1] lavalink.server.player.AudioLoader       : Loaded playlist Search results for: Placebo - Twenty Years [Paris-Bercy 2013]
2020-03-07 04:58:49.477  INFO 5916 --- [XNIO-1 I/O-1] lavalink.server.io.SocketServer          : {"track":"QAAAjwIAJ1BsYWNlYm8gTGl2ZSBpbiBQYXJpcyAyMDAzIGZ1bGwgY29uY2VydAAOcm9ja2NoYW5uZWwwMDcAAAAAAFjxiAALa1Fac0FldEM4YmMAAQAraHR0cHM6Ly93d3cueW91dHViZS5jb20vd2F0Y2g/dj1rUVpzQWV0QzhiYwAHeW91dHViZQAAAAAAAAAA","startTime":0,"endTime":0,"noReplace":false,"guildId":"673512696288903199","op":"play"}
2020-03-07 06:35:58.473  INFO 5916 --- [XNIO-1 task-3] l.server.player.AudioLoaderRestHandler   : GET /loadtracks
2020-03-07 06:35:59.001  INFO 5916 --- [lava-daemon-pool-info-loader-2-thread-1] lavalink.server.player.AudioLoader       : Loaded playlist Search results for: Placebo Live in Paris 2003 full concert
2020-03-07 06:35:59.008  INFO 5916 --- [XNIO-1 I/O-1] lavalink.server.io.SocketServer          : {"track":"QAAAiQIAJ1BsYWNlYm8gTGl2ZSBHZXJtYW55IDEwLTgtMjAxMiBGdWxsIEdpZwAITWFuZHlhc3gAAAAAAE552AALQkt4VU5KUGl0YWMAAQAraHR0cHM6Ly93d3cueW91dHViZS5jb20vd2F0Y2g/dj1CS3hVTkpQaXRhYwAHeW91dHViZQAAAAAAAAAA","startTime":0,"endTime":0,"noReplace":false,"guildId":"673512696288903199","op":"play"}
2020-03-07 08:01:41.663  INFO 5916 --- [XNIO-1 task-5] l.server.player.AudioLoaderRestHandler   : GET /loadtracks
2020-03-07 08:01:42.202  INFO 5916 --- [lava-daemon-pool-info-loader-2-thread-1] lavalink.server.player.AudioLoader       : Loaded playlist Search results for: Placebo Live Germany 10-8-2012 Full Gig
2020-03-07 08:01:42.209  INFO 5916 --- [XNIO-1 I/O-1] lavalink.server.io.SocketServer          : {"track":"QAAAqwIASVBsYWNlYm8gTGl2ZSBDb2tlIExpdmUgTXVzaWMgRmVzdGl2YWwsIEtyYWtvdywgUG9sYW5kIDEyLjA4LjIwMTIgRlVMTCBHSUcACE1hbmR5YXN4AAAAAABVSAgAC2d0eDVhOTVLQU9zAAEAK2h0dHBzOi8vd3d3LnlvdXR1YmUuY29tL3dhdGNoP3Y9Z3R4NWE5NUtBT3MAB3lvdXR1YmUAAAAAAAAAAA==","startTime":0,"endTime":0,"noReplace":false,"guildId":"673512696288903199","op":"play"}
2020-03-07 09:07:54.049  INFO 5916 --- [XNIO-1 I/O-1] lavalink.server.io.SocketServer          : {"guildId":"673512696288903199","op":"stop"}
2020-03-07 09:07:54.940  INFO 5916 --- [XNIO-1 I/O-1] lavalink.server.io.SocketServer          : {"guildId":"673512696288903199","op":"destroy"}
2020-03-07 09:08:20.201  INFO 5916 --- [XNIO-1 task-7] l.server.player.AudioLoaderRestHandler   : GET /loadtracks
2020-03-07 09:08:20.849  INFO 5916 --- [lava-daemon-pool-info-loader-2-thread-1] lavalink.server.player.AudioLoader       : Loaded playlist Search results for: strong sona kurt
2020-03-07 09:08:20.854  INFO 5916 --- [XNIO-1 I/O-1] lavalink.server.io.SocketServer          : {"track":"QAAAnQIAMFN0cm9uZyAtIFNvbm5hIFJlbGUgLSBDaW5kZXJlbGxhIChQaWFubyBWZXJzaW9uKQATS3VydCBIdWdvIFNjaG5laWRlcgAAAAAAA19IAAtxWV9Jc2NHbjluYwABACtodHRwczovL3d3dy55b3V0dWJlLmNvbS93YXRjaD92PXFZX0lzY0duOW5jAAd5b3V0dWJlAAAAAAAAAAA=","startTime":0,"endTime":0,"noReplace":false,"guildId":"673512696288903199","op":"play"}
2020-03-07 09:08:21.162  INFO 5916 --- [XNIO-1 I/O-1] lavalink.server.io.SocketServer          : {"sessionId":"7a2caadb59375bb82414650afd9a776b","event":{"token":"913ab065bfd33c41","guildid":"673512696288903199","endpoint":"singapore457.discord.media:80"},"guildId":"673512696288903199","op":"voiceUpdate"}
2020-03-07 09:12:02.512  INFO 5916 --- [XNIO-1 I/O-1] lavalink.server.io.SocketServer          : {"guildId":"673512696288903199","op":"destroy"}
2020-03-07 09:12:41.115  INFO 5916 --- [XNIO-1 task-9] l.server.player.AudioLoaderRestHandler   : GET /loadtracks
2020-03-07 09:12:41.818  INFO 5916 --- [lava-daemon-pool-info-loader-2-thread-1] lavalink.server.player.AudioLoader       : Loaded playlist Search results for: nevernding stray kids
2020-03-07 09:12:41.849  INFO 5916 --- [XNIO-1 I/O-1] lavalink.server.io.SocketServer          : {"track":"QAAAwwIAYlvsh7zsnYzslYXspJHsi6xdIFN0cmF5IEtpZHMgLSDrgZ3rgpjsp4Ag7JWK7J2EIOydtOyVvOq4sChTdHJheSBLaWRzIC0gTmV2ZXJlbmRpbmcgU3RvcnkpIDIwMTkxMjIxAAdNQkNrcG9wAAAAAAADuSAACzBEay0yN0I1VXpnAAEAK2h0dHBzOi8vd3d3LnlvdXR1YmUuY29tL3dhdGNoP3Y9MERrLTI3QjVVemcAB3lvdXR1YmUAAAAAAAAAAA==","startTime":0,"endTime":0,"noReplace":false,"guildId":"673512696288903199","op":"play"}
2020-03-07 09:12:42.202  INFO 5916 --- [XNIO-1 I/O-1] lavalink.server.io.SocketServer          : {"sessionId":"7a2caadb59375bb82414650afd9a776b","event":{"token":"fb1b36e4caae226e","guildid":"673512696288903199","endpoint":"singapore457.discord.media:80"},"guildId":"673512696288903199","op":"voiceUpdate"}
2020-03-07 09:12:51.615  INFO 5916 --- [XNIO-1 I/O-1] lavalink.server.io.SocketServer          : {"guildId":"673512696288903199","op":"stop"}
2020-03-07 09:12:51.981  INFO 5916 --- [XNIO-1 I/O-1] lavalink.server.io.SocketServer          : {"guildId":"673512696288903199","op":"destroy"}
2020-03-07 09:13:02.172  INFO 5916 --- [XNIO-1 task-11] l.server.player.AudioLoaderRestHandler   : GET /loadtracks
2020-03-07 09:13:02.627  INFO 5916 --- [lava-daemon-pool-info-loader-2-thread-1] lavalink.server.player.AudioLoader       : Loaded playlist Search results for: neverending story stray
2020-03-07 09:13:02.630  INFO 5916 --- [XNIO-1 I/O-1] lavalink.server.io.SocketServer          : {"track":"QAAAwwIAYlvsh7zsnYzslYXspJHsi6xdIFN0cmF5IEtpZHMgLSDrgZ3rgpjsp4Ag7JWK7J2EIOydtOyVvOq4sChTdHJheSBLaWRzIC0gTmV2ZXJlbmRpbmcgU3RvcnkpIDIwMTkxMjIxAAdNQkNrcG9wAAAAAAADuSAACzBEay0yN0I1VXpnAAEAK2h0dHBzOi8vd3d3LnlvdXR1YmUuY29tL3dhdGNoP3Y9MERrLTI3QjVVemcAB3lvdXR1YmUAAAAAAAAAAA==","startTime":0,"endTime":0,"noReplace":false,"guildId":"673512696288903199","op":"play"}
2020-03-07 09:13:02.984  INFO 5916 --- [XNIO-1 I/O-1] lavalink.server.io.SocketServer          : {"sessionId":"7a2caadb59375bb82414650afd9a776b","event":{"token":"c5f426539a131300","guildid":"673512696288903199","endpoint":"singapore457.discord.media:80"},"guildId":"673512696288903199","op":"voiceUpdate"}
2020-03-07 09:13:10.592  INFO 5916 --- [XNIO-1 I/O-1] lavalink.server.io.SocketServer          : {"guildId":"673512696288903199","op":"stop"}
2020-03-07 09:13:10.908  INFO 5916 --- [XNIO-1 I/O-1] lavalink.server.io.SocketServer          : {"guildId":"673512696288903199","op":"destroy"}
2020-03-07 09:13:23.386  INFO 5916 --- [XNIO-1 task-13] l.server.player.AudioLoaderRestHandler   : GET /loadtracks
2020-03-07 09:13:23.921  INFO 5916 --- [lava-daemon-pool-info-loader-2-thread-1] lavalink.server.player.AudioLoader       : Loaded playlist Search results for: kiana i choose u acoustic
2020-03-07 09:13:23.924  INFO 5916 --- [XNIO-1 I/O-1] lavalink.server.io.SocketServer          : {"track":"QAAAkwIALktpYW5hIExlZMOpIC0gSSBDaG9vc2UgWW91IChPZmZpY2lhbCBBY291c3RpYykAC0tpYW5hIExlZMOpAAAAAAACYWAAC3Z5R20xTlNTQkM0AAEAK2h0dHBzOi8vd3d3LnlvdXR1YmUuY29tL3dhdGNoP3Y9dnlHbTFOU1NCQzQAB3lvdXR1YmUAAAAAAAAAAA==","startTime":0,"endTime":0,"noReplace":false,"guildId":"673512696288903199","op":"play"}
2020-03-07 09:13:24.243  INFO 5916 --- [XNIO-1 I/O-1] lavalink.server.io.SocketServer          : {"sessionId":"7a2caadb59375bb82414650afd9a776b","event":{"token":"9ef5fe2e90a89669","guildid":"673512696288903199","endpoint":"singapore457.discord.media:80"},"guildId":"673512696288903199","op":"voiceUpdate"}
2020-03-07 09:16:00.342  INFO 5916 --- [XNIO-1 I/O-1] lavalink.server.io.SocketServer          : {"guildId":"673512696288903199","op":"destroy"}
2020-03-07 09:19:42.458  INFO 5916 --- [XNIO-1 task-15] l.server.player.AudioLoaderRestHandler   : GET /loadtracks
2020-03-07 09:19:43.036  INFO 5916 --- [lava-daemon-pool-info-loader-2-thread-1] lavalink.server.player.AudioLoader       : Loaded playlist Search results for: heavy kiana jennifer
2020-03-07 09:19:43.042  INFO 5916 --- [XNIO-1 I/O-1] lavalink.server.io.SocketServer          : {"track":"QAAArgIASUtpYW5hIExlZMOpIC0gSGVhdnkgZnQuIEplbm5pZmVyIExld2lzIChPZmZpY2lhbCBWaWRlbykgZnQuIEplbmlmZXIgTGV3aXMAC0tpYW5hIExlZMOpAAAAAAADR9gAC0NrTEEwcDRCVFRzAAEAK2h0dHBzOi8vd3d3LnlvdXR1YmUuY29tL3dhdGNoP3Y9Q2tMQTBwNEJUVHMAB3lvdXR1YmUAAAAAAAAAAA==","startTime":0,"endTime":0,"noReplace":false,"guildId":"673512696288903199","op":"play"}
2020-03-07 09:19:43.350  INFO 5916 --- [XNIO-1 I/O-1] lavalink.server.io.SocketServer          : {"sessionId":"7a2caadb59375bb82414650afd9a776b","event":{"token":"6d0b2cdd5c628c27","guildid":"673512696288903199","endpoint":"singapore457.discord.media:80"},"guildId":"673512696288903199","op":"voiceUpdate"}
2020-03-07 09:23:18.366  INFO 5916 --- [XNIO-1 I/O-1] lavalink.server.io.SocketServer          : {"guildId":"673512696288903199","op":"destroy"}
2020-03-07 09:24:06.838  INFO 5916 --- [XNIO-1 task-17] l.server.player.AudioLoaderRestHandler   : GET /loadtracks
2020-03-07 09:24:07.488  INFO 5916 --- [lava-daemon-pool-info-loader-2-thread-1] lavalink.server.player.AudioLoader       : Loaded playlist Search results for: september song acoustic
2020-03-07 09:24:07.493  INFO 5916 --- [XNIO-1 I/O-1] lavalink.server.io.SocketServer          : {"track":"QAAAiAIAJUpQIENvb3BlciAtIFNlcHRlbWJlciBTb25nIChBY291c3RpYykACUpQIENvb3BlcgAAAAAAAzBoAAs1MkJxUFVrM1ZVcwABACtodHRwczovL3d3dy55b3V0dWJlLmNvbS93YXRjaD92PTUyQnFQVWszVlVzAAd5b3V0dWJlAAAAAAAAAAA=","startTime":0,"endTime":0,"noReplace":false,"guildId":"673512696288903199","op":"play"}
2020-03-07 09:24:07.801  INFO 5916 --- [XNIO-1 I/O-1] lavalink.server.io.SocketServer          : {"sessionId":"7a2caadb59375bb82414650afd9a776b","event":{"token":"8dd27529c6aca800","guildid":"673512696288903199","endpoint":"singapore457.discord.media:80"},"guildId":"673512696288903199","op":"voiceUpdate"}
2020-03-07 09:27:36.278  INFO 5916 --- [XNIO-1 I/O-1] lavalink.server.io.SocketServer          : {"guildId":"673512696288903199","op":"destroy"}
2020-03-07 09:34:35.922  INFO 5916 --- [XNIO-1 task-19] l.server.player.AudioLoaderRestHandler   : GET /loadtracks
2020-03-07 09:34:36.515  INFO 5916 --- [lava-daemon-pool-info-loader-2-thread-1] lavalink.server.player.AudioLoader       : Loaded playlist Search results for: dancing next to me greyson
2020-03-07 09:34:36.521  INFO 5916 --- [XNIO-1 I/O-1] lavalink.server.io.SocketServer          : {"track":"QAAAnAIANEdyZXlzb24gQ2hhbmNlIC0gRGFuY2luZyBOZXh0IFRvIE1lIChPZmZpY2lhbCBWaWRlbykADkdyZXlzb24gQ2hhbmNlAAAAAAACo8gAC0xtSUhLQjZPRkhRAAEAK2h0dHBzOi8vd3d3LnlvdXR1YmUuY29tL3dhdGNoP3Y9TG1JSEtCNk9GSFEAB3lvdXR1YmUAAAAAAAAAAA==","startTime":0,"endTime":0,"noReplace":false,"guildId":"673512696288903199","op":"play"}
2020-03-07 09:34:36.899  INFO 5916 --- [XNIO-1 I/O-1] lavalink.server.io.SocketServer          : {"sessionId":"7a2caadb59375bb82414650afd9a776b","event":{"token":"2465b58c4d3063f1","guildid":"673512696288903199","endpoint":"singapore457.discord.media:80"},"guildId":"673512696288903199","op":"voiceUpdate"}
2020-03-07 09:37:29.698  INFO 5916 --- [XNIO-1 I/O-1] lavalink.server.io.SocketServer          : {"guildId":"673512696288903199","op":"destroy"}
2020-03-07 09:51:55.079  INFO 5916 --- [XNIO-1 task-21] l.server.player.AudioLoaderRestHandler   : GET /loadtracks
2020-03-07 09:51:55.695  INFO 5916 --- [lava-daemon-pool-info-loader-2-thread-1] lavalink.server.player.AudioLoader       : Loaded playlist Search results for: in the silence mahogany
2020-03-07 09:51:55.704  INFO 5916 --- [XNIO-1 I/O-1] lavalink.server.io.SocketServer          : {"track":"QAAAjwIALUpQIENvb3BlciAtIEluIFRoZSBTaWxlbmNlIHwgTWFob2dhbnkgU2Vzc2lvbgAITWFob2dhbnkAAAAAAAOZ4AALVDUyU2Rfb1hwb0EAAQAraHR0cHM6Ly93d3cueW91dHViZS5jb20vd2F0Y2g/dj1UNTJTZF9vWHBvQQAHeW91dHViZQAAAAAAAAAA","startTime":0,"endTime":0,"noReplace":false,"guildId":"673512696288903199","op":"play"}
2020-03-07 09:51:56.001  INFO 5916 --- [XNIO-1 I/O-1] lavalink.server.io.SocketServer          : {"sessionId":"7a2caadb59375bb82414650afd9a776b","event":{"token":"71794e9951e9794a","guildid":"673512696288903199","endpoint":"singapore457.discord.media:80"},"guildId":"673512696288903199","op":"voiceUpdate"}
2020-03-07 09:55:51.770  INFO 5916 --- [XNIO-1 I/O-1] lavalink.server.io.SocketServer          : {"guildId":"673512696288903199","op":"destroy"}
2020-03-07 09:55:58.386  INFO 5916 --- [XNIO-1 task-23] l.server.player.AudioLoaderRestHandler   : GET /loadtracks
2020-03-07 09:55:58.916  INFO 5916 --- [lava-daemon-pool-info-loader-2-thread-1] lavalink.server.player.AudioLoader       : Loaded playlist Search results for: M83 - Starwaves
2020-03-07 09:55:58.921  INFO 5916 --- [XNIO-1 I/O-1] lavalink.server.io.SocketServer          : {"track":"QAAAeAIAD004MyAtIFN0YXJ3YXZlcwAPUmljaGFyZCBTYWxpbmFzAAAAAAADX0gACzFxU0Q3ZUVLOW9nAAEAK2h0dHBzOi8vd3d3LnlvdXR1YmUuY29tL3dhdGNoP3Y9MXFTRDdlRUs5b2cAB3lvdXR1YmUAAAAAAAAAAA==","startTime":0,"endTime":0,"noReplace":false,"guildId":"673512696288903199","op":"play"}
2020-03-07 09:55:59.240  INFO 5916 --- [XNIO-1 I/O-1] lavalink.server.io.SocketServer          : {"sessionId":"7a2caadb59375bb82414650afd9a776b","event":{"token":"1a8a9d4bea36977e","guildid":"673512696288903199","endpoint":"singapore457.discord.media:80"},"guildId":"673512696288903199","op":"voiceUpdate"}
2020-03-07 09:56:28.044  INFO 5916 --- [XNIO-1 task-25] l.server.player.AudioLoaderRestHandler   : GET /loadtracks
2020-03-07 09:56:28.616  INFO 5916 --- [lava-daemon-pool-info-loader-2-thread-1] lavalink.server.player.AudioLoader       : Loaded playlist Search results for: M83 - Un Nouveau Soleil (audio)
2020-03-07 09:59:39.584  INFO 5916 --- [XNIO-1 I/O-1] lavalink.server.io.SocketServer          : {"track":"QAAAfAIAH004MyAtIFVuIE5vdXZlYXUgU29sZWlsIChhdWRpbykAA004MwAAAAAABiogAAszNm1sWDMxOFEzdwABACtodHRwczovL3d3dy55b3V0dWJlLmNvbS93YXRjaD92PTM2bWxYMzE4UTN3AAd5b3V0dWJlAAAAAAAAAAA=","startTime":0,"endTime":0,"noReplace":false,"guildId":"673512696288903199","op":"play"}
2020-03-07 10:04:17.268  WARN 5916 --- [lava-daemon-pool-manager-3-thread-1] c.s.d.l.tools.GarbageCollectionMonitor   : Suspicious GC results for the last 2 minutes: [Bucket 0 = 0] [Bucket 20 = 0] [Bucket 50 = 0] [Bucket 200 = 1] [Bucket 500 = 0] [Bucket 2000 = 0] 
2020-03-07 10:04:24.867  WARN 5916 --- [lava-daemon-pool-manager-7-thread-1] c.s.d.l.tools.GarbageCollectionMonitor   : Suspicious GC results for the last 2 minutes: [Bucket 0 = 0] [Bucket 20 = 0] [Bucket 50 = 0] [Bucket 200 = 1] [Bucket 500 = 0] [Bucket 2000 = 0] 
2020-03-07 10:06:38.899  INFO 5916 --- [XNIO-1 I/O-1] lavalink.server.io.SocketServer          : {"guildId":"673512696288903199","op":"destroy"}
2020-03-07 10:36:17.297  WARN 5916 --- [lava-daemon-pool-manager-3-thread-1] c.s.d.l.tools.GarbageCollectionMonitor   : Suspicious GC results for the last 2 minutes: [Bucket 0 = 0] [Bucket 20 = 0] [Bucket 50 = 0] [Bucket 200 = 1] [Bucket 500 = 0] [Bucket 2000 = 0] 
2020-03-07 10:36:24.937  WARN 5916 --- [lava-daemon-pool-manager-7-thread-1] c.s.d.l.tools.GarbageCollectionMonitor   : Suspicious GC results for the last 2 minutes: [Bucket 0 = 0] [Bucket 20 = 0] [Bucket 50 = 0] [Bucket 200 = 1] [Bucket 500 = 0] [Bucket 2000 = 0] 
2020-03-07 10:40:16.461  INFO 5916 --- [XNIO-1 task-27] l.server.player.AudioLoaderRestHandler   : GET /loadtracks
2020-03-07 10:40:17.098  INFO 5916 --- [lava-daemon-pool-info-loader-2-thread-1] lavalink.server.player.AudioLoader       : Loaded playlist Search results for: waiting for you unlike pluto
2020-03-07 10:40:17.102  INFO 5916 --- [XNIO-1 I/O-1] lavalink.server.io.SocketServer          : {"track":"QAAAxAIAV1tFbGVjdHJvbmljXSAtIFVubGlrZSBQbHV0byAtIFdhaXRpbmcgRm9yIFlvdSAoZmVhdC4gSm9hbm5hIEpvbmVzKSBbTW9uc3RlcmNhdCBSZWxlYXNlXQATTW9uc3RlcmNhdDogVW5jYWdlZAAAAAAAA2sAAAszdmFjanVXNDYwYwABACtodHRwczovL3d3dy55b3V0dWJlLmNvbS93YXRjaD92PTN2YWNqdVc0NjBjAAd5b3V0dWJlAAAAAAAAAAA=","startTime":0,"endTime":0,"noReplace":false,"guildId":"673512696288903199","op":"play"}
2020-03-07 10:40:17.442  INFO 5916 --- [XNIO-1 I/O-1] lavalink.server.io.SocketServer          : {"sessionId":"7a2caadb59375bb82414650afd9a776b","event":{"token":"a071b4bf7c514b49","guildid":"673512696288903199","endpoint":"singapore457.discord.media:80"},"guildId":"673512696288903199","op":"voiceUpdate"}
2020-03-07 10:44:00.844  INFO 5916 --- [XNIO-1 I/O-1] lavalink.server.io.SocketServer          : {"guildId":"673512696288903199","op":"destroy"}
2020-03-07 11:14:28.678  INFO 5916 --- [XNIO-1 task-29] l.server.player.AudioLoaderRestHandler   : GET /loadtracks
2020-03-07 11:14:29.348  INFO 5916 --- [lava-daemon-pool-info-loader-2-thread-1] lavalink.server.player.AudioLoader       : Loaded playlist Search results for: 2002
2020-03-07 11:14:29.354  INFO 5916 --- [XNIO-1 I/O-1] lavalink.server.io.SocketServer          : {"track":"QAAAhgIAIkFubmUtTWFyaWUgLSAyMDAyIFtPZmZpY2lhbCBWaWRlb10ACkFubmUtTWFyaWUAAAAAAAL5uAALSWwtYW4zSzlwamcAAQAraHR0cHM6Ly93d3cueW91dHViZS5jb20vd2F0Y2g/dj1JbC1hbjNLOXBqZwAHeW91dHViZQAAAAAAAAAA","startTime":0,"endTime":0,"noReplace":false,"guildId":"673512696288903199","op":"play"}
2020-03-07 11:14:29.673  INFO 5916 --- [XNIO-1 I/O-1] lavalink.server.io.SocketServer          : {"sessionId":"7a2caadb59375bb82414650afd9a776b","event":{"token":"4ca2f36bba57466a","guildid":"673512696288903199","endpoint":"singapore457.discord.media:80"},"guildId":"673512696288903199","op":"voiceUpdate"}
2020-03-07 11:17:44.309  INFO 5916 --- [XNIO-1 I/O-1] lavalink.server.io.SocketServer          : {"guildId":"673512696288903199","op":"destroy"}
2020-03-07 11:19:43.416  INFO 5916 --- [XNIO-1 task-31] l.server.player.AudioLoaderRestHandler   : GET /loadtracks
2020-03-07 11:19:44.054  INFO 5916 --- [lava-daemon-pool-info-loader-2-thread-1] lavalink.server.player.AudioLoader       : Loaded playlist Search results for: keshi right here
2020-03-07 11:19:44.060  INFO 5916 --- [XNIO-1 I/O-1] lavalink.server.io.SocketServer          : {"track":"QAAAfwIAIGtlc2hpIC0gcmlnaHQgaGVyZSAoTHlyaWMgVmlkZW8pAAVrZXNoaQAAAAAAAwGIAAtSaXZFc2F2RDZaRQABACtodHRwczovL3d3dy55b3V0dWJlLmNvbS93YXRjaD92PVJpdkVzYXZENlpFAAd5b3V0dWJlAAAAAAAAAAA=","startTime":0,"endTime":0,"noReplace":false,"guildId":"673512696288903199","op":"play"}
2020-03-07 11:19:44.380  INFO 5916 --- [XNIO-1 I/O-1] lavalink.server.io.SocketServer          : {"sessionId":"7a2caadb59375bb82414650afd9a776b","event":{"token":"6ef390102a0323c9","guildid":"673512696288903199","endpoint":"singapore457.discord.media:80"},"guildId":"673512696288903199","op":"voiceUpdate"}
2020-03-07 11:23:00.999  INFO 5916 --- [XNIO-1 I/O-1] lavalink.server.io.SocketServer          : {"guildId":"673512696288903199","op":"destroy"}
2020-03-07 11:26:09.884  INFO 5916 --- [XNIO-1 task-1] l.server.player.AudioLoaderRestHandler   : GET /loadtracks
2020-03-07 11:26:10.509  INFO 5916 --- [lava-daemon-pool-info-loader-2-thread-1] lavalink.server.player.AudioLoader       : Loaded playlist Search results for: slut like pink
2020-03-07 11:26:10.518  INFO 5916 --- [XNIO-1 I/O-1] lavalink.server.io.SocketServer          : {"track":"QAAAsgIAVFAhbmsgLSBTbHV0IExpa2UgWW91IChUaGUgVHJ1dGggQWJvdXQgTG92ZSAtIExpdmUgRnJvbSBMb3MgQW5nZWxlcykgKE9mZmljaWFsIFZpZGVvKQAEUCFOSwAAAAAABFF4AAtDVEpqbERFb2RWbwABACtodHRwczovL3d3dy55b3V0dWJlLmNvbS93YXRjaD92PUNUSmpsREVvZFZvAAd5b3V0dWJlAAAAAAAAAAA=","startTime":0,"endTime":0,"noReplace":false,"guildId":"673512696288903199","op":"play"}
2020-03-07 11:26:10.811  INFO 5916 --- [XNIO-1 I/O-1] lavalink.server.io.SocketServer          : {"sessionId":"7a2caadb59375bb82414650afd9a776b","event":{"token":"a4fe46037e3543a6","guildid":"673512696288903199","endpoint":"singapore457.discord.media:80"},"guildId":"673512696288903199","op":"voiceUpdate"}
2020-03-07 11:26:31.116  INFO 5916 --- [XNIO-1 task-3] l.server.player.AudioLoaderRestHandler   : GET /loadtracks
2020-03-07 11:26:31.678  INFO 5916 --- [lava-daemon-pool-info-loader-2-thread-1] lavalink.server.player.AudioLoader       : Loaded playlist Search results for: slut like u pink
2020-03-07 11:26:40.182  INFO 5916 --- [XNIO-1 I/O-1] lavalink.server.io.SocketServer          : {"track":"QAAAiQIAK1AhbmsgLSBTbHV0IExpa2UgWW91IChPZmZpY2lhbCBMeXJpYyBWaWRlbykABFAhTksAAAAAAANfSAALSGpVMHhBWmJaa0EAAQAraHR0cHM6Ly93d3cueW91dHViZS5jb20vd2F0Y2g/dj1IalUweEFaYlprQQAHeW91dHViZQAAAAAAAAAA","startTime":0,"endTime":0,"noReplace":false,"guildId":"673512696288903199","op":"play"}
2020-03-07 11:28:40.282  INFO 5916 --- [XNIO-1 I/O-1] lavalink.server.io.SocketServer          : {"pause":true,"guildId":"673512696288903199","op":"pause"}
2020-03-07 11:29:08.285  INFO 5916 --- [XNIO-1 I/O-1] lavalink.server.io.SocketServer          : {"pause":false,"guildId":"673512696288903199","op":"pause"}
2020-03-07 11:29:36.668  INFO 5916 --- [XNIO-1 task-5] l.server.player.AudioLoaderRestHandler   : GET /loadtracks
2020-03-07 11:29:37.616  INFO 5916 --- [lava-daemon-pool-info-loader-2-thread-1] lavalink.server.player.AudioLoader       : Loaded playlist Search results for: my oh my
2020-03-07 11:30:05.289  INFO 5916 --- [XNIO-1 task-7] l.server.player.AudioLoaderRestHandler   : GET /loadtracks
2020-03-07 11:30:05.932  INFO 5916 --- [lava-daemon-pool-info-loader-2-thread-1] lavalink.server.player.AudioLoader       : Loaded playlist Search results for: my oh my camila
2020-03-07 11:30:07.993  INFO 5916 --- [XNIO-1 task-9] l.server.player.AudioLoaderRestHandler   : GET /loadtracks
2020-03-07 11:30:08.613  INFO 5916 --- [lava-daemon-pool-info-loader-2-thread-1] lavalink.server.player.AudioLoader       : Loaded playlist Search results for: ransom lil tecca
2020-03-07 11:30:36.263  INFO 5916 --- [XNIO-1 I/O-1] lavalink.server.io.SocketServer          : {"volume":20,"guildId":"673512696288903199","op":"volume"}
2020-03-07 11:30:48.787  INFO 5916 --- [XNIO-1 I/O-1] lavalink.server.io.SocketServer          : {"track":"QAAAowIAO0NhbWlsYSBDYWJlbGxvIC0gTXkgT2ggTXkgKE9mZmljaWFsIE11c2ljIFZpZGVvKSBmdC4gRGFCYWJ5AA5DYW1pbGEgQ2FiZWxsbwAAAAAAAs7AAAs2ZmQya2tMbVNEUQABACtodHRwczovL3d3dy55b3V0dWJlLmNvbS93YXRjaD92PTZmZDJra0xtU0RRAAd5b3V0dWJlAAAAAAAAAAA=","startTime":0,"endTime":0,"noReplace":false,"guildId":"673512696288903199","op":"play"}
2020-03-07 11:30:59.664  INFO 5916 --- [XNIO-1 task-11] l.server.player.AudioLoaderRestHandler   : GET /loadtracks
2020-03-07 11:31:00.361  INFO 5916 --- [lava-daemon-pool-info-loader-2-thread-1] lavalink.server.player.AudioLoader       : Loaded playlist Search results for: roxanne
2020-03-07 11:33:52.401  INFO 5916 --- [XNIO-1 I/O-1] lavalink.server.io.SocketServer          : {"track":"QAAAlQIAK0xpbCBUZWNjYSAtIFJhbnNvbSAoRGlyLiBieSBAX0NvbGVCZW5uZXR0XykAEEx5cmljYWwgTGVtb25hZGUAAAAAAAJCIAALMVh6WTJpal92TDQAAQAraHR0cHM6Ly93d3cueW91dHViZS5jb20vd2F0Y2g/dj0xWHpZMmlqX3ZMNAAHeW91dHViZQAAAAAAAAAA","startTime":0,"endTime":0,"noReplace":false,"guildId":"673512696288903199","op":"play"}
2020-03-07 11:34:02.660  WARN 5916 --- [japp-50] lavalink.server.player.EventEmitter      : Lil Tecca - Ransom (Dir. by @_ColeBennett_) got stuck! Threshold surpassed: 10000
2020-03-07 11:36:32.491  INFO 5916 --- [XNIO-1 I/O-1] lavalink.server.io.SocketServer          : {"track":"QAAAiwIAKkFyaXpvbmEgWmVydmFzIC0gUk9YQU5ORSAoTHlyaWNzKSBSb2Nrc2FuZAAHN2Nsb3VkcwAAAAAAAnjQAAttbnk1REtwRWJVRQABACtodHRwczovL3d3dy55b3V0dWJlLmNvbS93YXRjaD92PW1ueTVES3BFYlVFAAd5b3V0dWJlAAAAAAAAAAA=","startTime":0,"endTime":0,"noReplace":false,"guildId":"673512696288903199","op":"play"}
2020-03-07 11:36:42.497  WARN 5916 --- [japp-51] lavalink.server.player.EventEmitter      : Arizona Zervas - ROXANNE (Lyrics) Rocksand got stuck! Threshold surpassed: 10000
2020-03-07 11:39:30.307  INFO 5916 --- [XNIO-1 I/O-1] lavalink.server.io.SocketServer          : {"guildId":"673512696288903199","op":"destroy"}
2020-03-07 11:39:30.335  INFO 5916 --- [parallel-2] s.n.m.impl.connections.AudioWebSocket    : Websocket to wss://singapore457.discord.media/?v=4 closed with code 1000 and reason 
2020-03-07 11:39:30.335  INFO 5916 --- [parallel-2] s.n.m.impl.connections.AudioWebSocket    : Resuming
2020-03-07 12:17:19.778  INFO 5916 --- [XNIO-1 task-13] l.server.player.AudioLoaderRestHandler   : GET /loadtracks
2020-03-07 12:17:20.432  INFO 5916 --- [lava-daemon-pool-info-loader-2-thread-1] lavalink.server.player.AudioLoader       : Loaded playlist Search results for: holy grail
2020-03-07 12:17:20.441  INFO 5916 --- [XNIO-1 I/O-1] lavalink.server.io.SocketServer          : {"track":"QAAAngIAOUpheSBaIGZlYXQuIEp1c3RpbiBUaW1iZXJsYWtlLSBIb2x5IEdyYWlsIChGUkVFIERPV05MT0FEKQALRnJlZU11c2ljREwAAAAAAAU0CAALWXhHNW1ESXRrR1UAAQAraHR0cHM6Ly93d3cueW91dHViZS5jb20vd2F0Y2g/dj1ZeEc1bURJdGtHVQAHeW91dHViZQAAAAAAAAAA","startTime":0,"endTime":0,"noReplace":false,"guildId":"673512696288903199","op":"play"}
2020-03-07 12:17:20.757  INFO 5916 --- [XNIO-1 I/O-1] lavalink.server.io.SocketServer          : {"sessionId":"7a2caadb59375bb82414650afd9a776b","event":{"token":"7eb856c7e2fbeb97","guildid":"673512696288903199","endpoint":"singapore457.discord.media:80"},"guildId":"673512696288903199","op":"voiceUpdate"}
2020-03-07 12:23:01.202  INFO 5916 --- [XNIO-1 I/O-1] lavalink.server.io.SocketServer          : {"guildId":"673512696288903199","op":"destroy"}
2020-03-07 12:24:34.962  INFO 5916 --- [XNIO-1 task-15] l.server.player.AudioLoaderRestHandler   : GET /loadtracks
2020-03-07 12:24:35.620  INFO 5916 --- [lava-daemon-pool-info-loader-2-thread-1] lavalink.server.player.AudioLoader       : Loaded playlist Search results for: thunder
2020-03-07 12:24:35.628  INFO 5916 --- [XNIO-1 I/O-1] lavalink.server.io.SocketServer          : {"track":"QAAAgQIAGUltYWdpbmUgRHJhZ29ucyAtIFRodW5kZXIADkltYWdpbmVEcmFnb25zAAAAAAADHOAAC2ZLb3B5NzR3ZXVzAAEAK2h0dHBzOi8vd3d3LnlvdXR1YmUuY29tL3dhdGNoP3Y9ZktvcHk3NHdldXMAB3lvdXR1YmUAAAAAAAAAAA==","startTime":0,"endTime":0,"noReplace":false,"guildId":"673512696288903199","op":"play"}
2020-03-07 12:24:36.026  INFO 5916 --- [XNIO-1 I/O-1] lavalink.server.io.SocketServer          : {"sessionId":"7a2caadb59375bb82414650afd9a776b","event":{"token":"3400b70ded7d27f7","guildid":"673512696288903199","endpoint":"singapore457.discord.media:80"},"guildId":"673512696288903199","op":"voiceUpdate"}
2020-03-07 12:28:00.420  INFO 5916 --- [XNIO-1 I/O-1] lavalink.server.io.SocketServer          : {"guildId":"673512696288903199","op":"destroy"}
2020-03-07 12:28:56.103  INFO 5916 --- [XNIO-1 task-17] l.server.player.AudioLoaderRestHandler   : GET /loadtracks
2020-03-07 12:28:56.736  INFO 5916 --- [lava-daemon-pool-info-loader-2-thread-1] lavalink.server.player.AudioLoader       : No matches found
2020-03-07 12:28:57.018  INFO 5916 --- [XNIO-1 I/O-1] lavalink.server.io.SocketServer          : {"sessionId":"7a2caadb59375bb82414650afd9a776b","event":{"token":"88677c4e36e64555","guildid":"673512696288903199","endpoint":"singapore457.discord.media:80"},"guildId":"673512696288903199","op":"voiceUpdate"}
2020-03-07 12:29:12.251  INFO 5916 --- [XNIO-1 task-19] l.server.player.AudioLoaderRestHandler   : GET /loadtracks
2020-03-07 12:29:12.897  INFO 5916 --- [lava-daemon-pool-info-loader-2-thread-1] lavalink.server.player.AudioLoader       : Loaded playlist Search results for: wake me up avicii madilyn
2020-03-07 12:29:12.900  INFO 5916 --- [XNIO-1 I/O-1] lavalink.server.io.SocketServer          : {"track":"QAAAhAIAI1dha2UgTWUgVXAgQXZpY2lpIC8vIE1hZGlseW4gQmFpbGV5AAdNYWRpbHluAAAAAAADawAAC1NJUWRjU3g1UzFBAAEAK2h0dHBzOi8vd3d3LnlvdXR1YmUuY29tL3dhdGNoP3Y9U0lRZGNTeDVTMUEAB3lvdXR1YmUAAAAAAAAAAA==","startTime":0,"endTime":0,"noReplace":false,"guildId":"673512696288903199","op":"play"}
2020-03-07 12:29:21.467  INFO 5916 --- [XNIO-1 task-21] l.server.player.AudioLoaderRestHandler   : GET /loadtracks
2020-03-07 12:29:22.038  INFO 5916 --- [lava-daemon-pool-info-loader-2-thread-1] lavalink.server.player.AudioLoader       : Loaded playlist Search results for: sweet disposition
2020-03-07 12:30:10.914  INFO 5916 --- [XNIO-1 task-23] l.server.player.AudioLoaderRestHandler   : GET /loadtracks
2020-03-07 12:30:11.492  INFO 5916 --- [lava-daemon-pool-info-loader-2-thread-1] lavalink.server.player.AudioLoader       : Loaded playlist Search results for: only girl rihanna
2020-03-07 12:32:56.187  INFO 5916 --- [XNIO-1 I/O-1] lavalink.server.io.SocketServer          : {"track":"QAAAlgIAL1RlbXBlciBUcmFwIC0gU3dlZXQgRGlzcG9zaXRpb24gKERpcmVjdG9ycyBDdXQpAA1EYW5pZWwgRXNraWxzAAAAAAADhlgAC19iX1lWcmV4MHlJAAEAK2h0dHBzOi8vd3d3LnlvdXR1YmUuY29tL3dhdGNoP3Y9X2JfWVZyZXgweUkAB3lvdXR1YmUAAAAAAAAAAA==","startTime":0,"endTime":0,"noReplace":false,"guildId":"673512696288903199","op":"play"}
2020-03-07 12:36:46.928  INFO 5916 --- [XNIO-1 I/O-1] lavalink.server.io.SocketServer          : {"track":"QAAAgwIAIlJpaGFubmEgLSBPbmx5IEdpcmwgKEluIFRoZSBXb3JsZCkAB1JpaGFubmEAAAAAAAPYYAALcGExNFZOc2RTWU0AAQAraHR0cHM6Ly93d3cueW91dHViZS5jb20vd2F0Y2g/dj1wYTE0Vk5zZFNZTQAHeW91dHViZQAAAAAAAAAA","startTime":0,"endTime":0,"noReplace":false,"guildId":"673512696288903199","op":"play"}
2020-03-07 12:41:09.795  INFO 5916 --- [XNIO-1 I/O-1] lavalink.server.io.SocketServer          : {"guildId":"673512696288903199","op":"destroy"}
2020-03-07 12:48:11.724  INFO 5916 --- [XNIO-1 task-25] l.server.player.AudioLoaderRestHandler   : GET /loadtracks
2020-03-07 12:48:13.480  INFO 5916 --- [lava-daemon-pool-info-loader-2-thread-1] lavalink.server.player.AudioLoader       : Loaded playlist Search results for: youre my honey bunny
2020-03-07 12:48:14.056  INFO 5916 --- [XNIO-1 I/O-1] lavalink.server.io.SocketServer          : {"track":"QAAAiwIAIVlvdSdyZSBteSBIb25leWJ1bmNoLCBTdWdhcnBsdW0gIQAQU2FsYWggRWRkaW5lIE1mawAAAAAAAN6oAAsyT0xwbVBYNUxWWQABACtodHRwczovL3d3dy55b3V0dWJlLmNvbS93YXRjaD92PTJPTHBtUFg1TFZZAAd5b3V0dWJlAAAAAAAAAAA=","startTime":0,"endTime":0,"noReplace":false,"guildId":"673512696288903199","op":"play"}
2020-03-07 12:48:14.467  INFO 5916 --- [XNIO-1 I/O-1] lavalink.server.io.SocketServer          : {"sessionId":"7a2caadb59375bb82414650afd9a776b","event":{"token":"d4cb8dd42dc48119","guildid":"673512696288903199","endpoint":"singapore457.discord.media:80"},"guildId":"673512696288903199","op":"voiceUpdate"}
2020-03-07 12:49:17.074  INFO 5916 --- [XNIO-1 I/O-1] lavalink.server.io.SocketServer          : {"guildId":"673512696288903199","op":"destroy"}
2020-03-07 12:53:01.687  INFO 5916 --- [XNIO-1 task-27] l.server.player.AudioLoaderRestHandler   : GET /loadtracks
2020-03-07 12:53:02.245  INFO 5916 --- [lava-daemon-pool-info-loader-2-thread-1] lavalink.server.player.AudioLoader       : Loaded playlist Search results for: if you were my baby
2020-03-07 12:53:02.250  INFO 5916 --- [XNIO-1 I/O-1] lavalink.server.io.SocketServer          : {"track":"QAAAhAIAIFJpY2sgUHJpY2UgLSBJZiBZb3UgV2VyZSBNeSBCYWJ5AApDaGFudGlramVuAAAAAAADyMAAC1JoNWdRRWJ6RzEwAAEAK2h0dHBzOi8vd3d3LnlvdXR1YmUuY29tL3dhdGNoP3Y9Umg1Z1FFYnpHMTAAB3lvdXR1YmUAAAAAAAAAAA==","startTime":0,"endTime":0,"noReplace":false,"guildId":"673512696288903199","op":"play"}
2020-03-07 12:53:02.678  INFO 5916 --- [XNIO-1 I/O-1] lavalink.server.io.SocketServer          : {"sessionId":"7a2caadb59375bb82414650afd9a776b","event":{"token":"e2f37565c0126df4","guildid":"673512696288903199","endpoint":"singapore457.discord.media:80"},"guildId":"673512696288903199","op":"voiceUpdate"}
2020-03-07 12:53:04.817  INFO 5916 --- [XNIO-1 task-29] l.server.player.AudioLoaderRestHandler   : GET /loadtracks
2020-03-07 12:53:05.568  INFO 5916 --- [lava-daemon-pool-info-loader-2-thread-1] lavalink.server.player.AudioLoader       : Loaded playlist Search results for: paradise
2020-03-07 12:53:12.890  INFO 5916 --- [XNIO-1 task-31] l.server.player.AudioLoaderRestHandler   : GET /loadtracks
2020-03-07 12:53:13.486  INFO 5916 --- [lava-daemon-pool-info-loader-2-thread-1] lavalink.server.player.AudioLoader       : Loaded playlist Search results for: frame of mind
2020-03-07 12:53:55.566  INFO 5916 --- [XNIO-1 task-1] l.server.player.AudioLoaderRestHandler   : GET /loadtracks
2020-03-07 12:53:56.131  INFO 5916 --- [lava-daemon-pool-info-loader-2-thread-1] lavalink.server.player.AudioLoader       : Loaded playlist Search results for: IMAGINE - JOHN LENNON COVER by ( PACIFIED )
2020-03-07 12:54:08.674  INFO 5916 --- [XNIO-1 task-3] l.server.player.AudioLoaderRestHandler   : GET /loadtracks
2020-03-07 12:54:09.232  INFO 5916 --- [lava-daemon-pool-info-loader-2-thread-1] lavalink.server.player.AudioLoader       : Loaded playlist Search results for: PAYUNG TEDUH - UNTUK PEREMPUAN YANG SEDANG DALAM PELUKAN COVER by ( PACIFIED )
2020-03-07 12:54:17.583  WARN 5916 --- [lava-daemon-pool-manager-3-thread-1] c.s.d.l.tools.GarbageCollectionMonitor   : Suspicious GC results for the last 2 minutes: [Bucket 0 = 0] [Bucket 20 = 0] [Bucket 50 = 0] [Bucket 200 = 1] [Bucket 500 = 0] [Bucket 2000 = 0] 
2020-03-07 12:54:25.238  WARN 5916 --- [lava-daemon-pool-manager-7-thread-1] c.s.d.l.tools.GarbageCollectionMonitor   : Suspicious GC results for the last 2 minutes: [Bucket 0 = 0] [Bucket 20 = 0] [Bucket 50 = 0] [Bucket 200 = 1] [Bucket 500 = 0] [Bucket 2000 = 0] 
2020-03-07 12:57:11.556  INFO 5916 --- [XNIO-1 I/O-1] lavalink.server.io.SocketServer          : {"track":"QAAAhgIAJENvbGRwbGF5IC0gUGFyYWRpc2UgKE9mZmljaWFsIFZpZGVvKQAIQ29sZHBsYXkAAAAAAAP7iAALMUc0aXN2X0Z5bGcAAQAraHR0cHM6Ly93d3cueW91dHViZS5jb20vd2F0Y2g/dj0xRzRpc3ZfRnlsZwAHeW91dHViZQAAAAAAAAAA","startTime":0,"endTime":0,"noReplace":false,"guildId":"673512696288903199","op":"play"}
2020-03-07 13:01:39.846  INFO 5916 --- [XNIO-1 I/O-1] lavalink.server.io.SocketServer          : {"track":"QAAAlgIAK0lNQUdJTkUgLSBKT0hOIExFTk5PTiBDT1ZFUiBieSAoIFBBQ0lGSUVEICkAEVBBQ0lGSUVEIE9GRklDSUFMAAAAAAADctAAC1dCYTJ1b1BPYjRjAAEAK2h0dHBzOi8vd3d3LnlvdXR1YmUuY29tL3dhdGNoP3Y9V0JhMnVvUE9iNGMAB3lvdXR1YmUAAAAAAAAAAA==","startTime":0,"endTime":0,"noReplace":false,"guildId":"673512696288903199","op":"play"}
2020-03-07 13:05:29.116  INFO 5916 --- [XNIO-1 I/O-1] lavalink.server.io.SocketServer          : {"track":"QAAAuQIATlBBWVVORyBURURVSCAtIFVOVFVLIFBFUkVNUFVBTiBZQU5HIFNFREFORyBEQUxBTSBQRUxVS0FOIENPVkVSIGJ5ICggUEFDSUZJRUQgKQARUEFDSUZJRUQgT0ZGSUNJQUwAAAAAAASAWAALQ0JGZm5XcE01VW8AAQAraHR0cHM6Ly93d3cueW91dHViZS5jb20vd2F0Y2g/dj1DQkZmbldwTTVVbwAHeW91dHViZQAAAAAAAAAA","startTime":0,"endTime":0,"noReplace":false,"guildId":"673512696288903199","op":"play"}
2020-03-07 13:09:36.845  INFO 5916 --- [XNIO-1 task-5] l.server.player.AudioLoaderRestHandler   : GET /loadtracks
2020-03-07 13:09:39.249  INFO 5916 --- [lava-daemon-pool-info-loader-2-thread-1] lavalink.server.player.AudioLoader       : Loaded playlist Search results for: how deep is ur love bee gees
2020-03-07 13:09:52.873  INFO 5916 --- [XNIO-1 task-7] l.server.player.AudioLoaderRestHandler   : GET /loadtracks
2020-03-07 13:09:53.430  INFO 5916 --- [lava-daemon-pool-info-loader-2-thread-1] lavalink.server.player.AudioLoader       : No matches found
2020-03-07 13:10:06.716  INFO 5916 --- [XNIO-1 task-9] l.server.player.AudioLoaderRestHandler   : GET /loadtracks
2020-03-07 13:10:07.790  INFO 5916 --- [lava-daemon-pool-info-loader-2-thread-1] lavalink.server.player.AudioLoader       : Loaded playlist Search results for: when i see u smile bad english
2020-03-07 13:10:17.658  WARN 5916 --- [lava-daemon-pool-manager-3-thread-1] c.s.d.l.tools.GarbageCollectionMonitor   : Suspicious GC results for the last 2 minutes: [Bucket 0 = 0] [Bucket 20 = 0] [Bucket 50 = 0] [Bucket 200 = 1] [Bucket 500 = 1] [Bucket 2000 = 0] 
2020-03-07 13:10:25.280  WARN 5916 --- [lava-daemon-pool-manager-7-thread-1] c.s.d.l.tools.GarbageCollectionMonitor   : Suspicious GC results for the last 2 minutes: [Bucket 0 = 0] [Bucket 20 = 0] [Bucket 50 = 0] [Bucket 200 = 1] [Bucket 500 = 1] [Bucket 2000 = 0] 
2020-03-07 13:10:32.154  INFO 5916 --- [XNIO-1 I/O-1] lavalink.server.io.SocketServer          : {"track":"QAAAiAIAJ0JlZSBHZWVzIC0gSG93IERlZXAgSXMgWW91ciBMb3ZlICgxOTc3KQAHYmVlZ2VlcwAAAAAAA6mAAAtYcHFxalU3dTVZYwABACtodHRwczovL3d3dy55b3V0dWJlLmNvbS93YXRjaD92PVhwcXFqVTd1NVljAAd5b3V0dWJlAAAAAAAAAAA=","startTime":0,"endTime":0,"noReplace":false,"guildId":"673512696288903199","op":"play"}
2020-03-07 13:12:17.701  WARN 5916 --- [lava-daemon-pool-manager-3-thread-1] c.s.d.l.tools.GarbageCollectionMonitor   : Suspicious GC results for the last 2 minutes: [Bucket 0 = 2] [Bucket 20 = 2] [Bucket 50 = 0] [Bucket 200 = 1] [Bucket 500 = 0] [Bucket 2000 = 0] 
2020-03-07 13:12:25.276  WARN 5916 --- [lava-daemon-pool-manager-7-thread-1] c.s.d.l.tools.GarbageCollectionMonitor   : Suspicious GC results for the last 2 minutes: [Bucket 0 = 2] [Bucket 20 = 2] [Bucket 50 = 0] [Bucket 200 = 1] [Bucket 500 = 0] [Bucket 2000 = 0] 
2020-03-07 13:13:54.560  INFO 5916 --- [XNIO-1 task-11] l.server.player.AudioLoaderRestHandler   : GET /loadtracks
2020-03-07 13:13:55.169  INFO 5916 --- [lava-daemon-pool-info-loader-2-thread-1] lavalink.server.player.AudioLoader       : Loaded playlist Search results for: uptown girl
2020-03-07 13:14:14.881  INFO 5916 --- [XNIO-1 task-13] l.server.player.AudioLoaderRestHandler   : GET /loadtracks
2020-03-07 13:14:15.646  INFO 5916 --- [lava-daemon-pool-info-loader-2-thread-1] lavalink.server.player.AudioLoader       : Loaded playlist Search results for: more than word
2020-03-07 13:14:17.626  WARN 5916 --- [lava-daemon-pool-manager-3-thread-1] c.s.d.l.tools.GarbageCollectionMonitor   : Suspicious GC results for the last 2 minutes: [Bucket 0 = 0] [Bucket 20 = 1] [Bucket 50 = 0] [Bucket 200 = 1] [Bucket 500 = 0] [Bucket 2000 = 0] 
2020-03-07 13:14:25.407  WARN 5916 --- [lava-daemon-pool-manager-7-thread-1] c.s.d.l.tools.GarbageCollectionMonitor   : Suspicious GC results for the last 2 minutes: [Bucket 0 = 0] [Bucket 20 = 1] [Bucket 50 = 0] [Bucket 200 = 1] [Bucket 500 = 0] [Bucket 2000 = 0] 
2020-03-07 13:14:38.425  INFO 5916 --- [XNIO-1 I/O-1] lavalink.server.io.SocketServer          : {"track":"QAAAmwIAM0JhZCBFbmdsaXNoIC0gV2hlbiBJIFNlZSBZb3UgU21pbGUgKE9mZmljaWFsIFZpZGVvKQAOQmFkRW5nbGlzaFZFVk8AAAAAAAPzuAALY3U2cGNsV3N4enMAAQAraHR0cHM6Ly93d3cueW91dHViZS5jb20vd2F0Y2g/dj1jdTZwY2xXc3h6cwAHeW91dHViZQAAAAAAAAAA","startTime":0,"endTime":0,"noReplace":false,"guildId":"673512696288903199","op":"play"}
2020-03-07 13:18:58.632  INFO 5916 --- [XNIO-1 I/O-1] lavalink.server.io.SocketServer          : {"track":"QAAAiQIAJ1dlc3RsaWZlIC0gVXB0b3duIEdpcmwgKE9mZmljaWFsIFZpZGVvKQAIV2VzdGxpZmUAAAAAAAPYYAALMEhUZXhxeG8xb2cAAQAraHR0cHM6Ly93d3cueW91dHViZS5jb20vd2F0Y2g/dj0wSFRleHF4bzFvZwAHeW91dHViZQAAAAAAAAAA","startTime":0,"endTime":0,"noReplace":false,"guildId":"673512696288903199","op":"play"}
2020-03-07 13:23:13.897  INFO 5916 --- [XNIO-1 I/O-1] lavalink.server.io.SocketServer          : {"track":"QAAAlQIAKkV4dHJlbWUgLSBNb3JlIFRoYW4gV29yZHMgKE9mZmljaWFsIFZpZGVvKQART2ZmaWNpYWxseUV4dHJlbWUAAAAAAAPr6AALVXJJaUx2ZzU4U1kAAQAraHR0cHM6Ly93d3cueW91dHViZS5jb20vd2F0Y2g/dj1VcklpTHZnNThTWQAHeW91dHViZQAAAAAAAAAA","startTime":0,"endTime":0,"noReplace":false,"guildId":"673512696288903199","op":"play"}
2020-03-07 13:27:38.289  INFO 5916 --- [XNIO-1 I/O-1] lavalink.server.io.SocketServer          : {"guildId":"673512696288903199","op":"destroy"}
2020-03-07 14:13:45.847  INFO 5916 --- [XNIO-1 task-15] l.server.player.AudioLoaderRestHandler   : GET /loadtracks
2020-03-07 14:13:46.567  INFO 5916 --- [lava-daemon-pool-info-loader-2-thread-1] lavalink.server.player.AudioLoader       : Loaded playlist Search results for: in the silence mahogany
2020-03-07 14:13:46.635  INFO 5916 --- [XNIO-1 I/O-1] lavalink.server.io.SocketServer          : {"track":"QAAAjwIALUpQIENvb3BlciAtIEluIFRoZSBTaWxlbmNlIHwgTWFob2dhbnkgU2Vzc2lvbgAITWFob2dhbnkAAAAAAAOZ4AALVDUyU2Rfb1hwb0EAAQAraHR0cHM6Ly93d3cueW91dHViZS5jb20vd2F0Y2g/dj1UNTJTZF9vWHBvQQAHeW91dHViZQAAAAAAAAAA","startTime":0,"endTime":0,"noReplace":false,"guildId":"673512696288903199","op":"play"}
2020-03-07 14:13:46.926  INFO 5916 --- [XNIO-1 I/O-1] lavalink.server.io.SocketServer          : {"sessionId":"7a2caadb59375bb82414650afd9a776b","event":{"token":"f04216db22183bbb","guildid":"673512696288903199","endpoint":"singapore457.discord.media:80"},"guildId":"673512696288903199","op":"voiceUpdate"}
2020-03-07 14:17:43.504  INFO 5916 --- [XNIO-1 I/O-1] lavalink.server.io.SocketServer          : {"guildId":"673512696288903199","op":"destroy"}
2020-03-07 14:18:38.772  INFO 5916 --- [XNIO-1 task-17] l.server.player.AudioLoaderRestHandler   : GET /loadtracks
2020-03-07 14:18:41.005 ERROR 5916 --- [lava-daemon-pool-info-loader-2-thread-1] c.s.d.l.p.DefaultAudioPlayerManager      : Error in loading item scsearch:down down down mummraofficial

com.sedmelluq.discord.lavaplayer.tools.FriendlyException: Something went wrong when looking up the track
	at com.sedmelluq.discord.lavaplayer.tools.ExceptionTools.wrapUnfriendlyExceptions(ExceptionTools.java:43) ~[lavaplayer-1.3.32.jar!/:na]
	at com.sedmelluq.discord.lavaplayer.player.DefaultAudioPlayerManager.dispatchItemLoadFailure(DefaultAudioPlayerManager.java:237) ~[lavaplayer-1.3.32.jar!/:na]
	at com.sedmelluq.discord.lavaplayer.player.DefaultAudioPlayerManager.lambda$createItemLoader$0(DefaultAudioPlayerManager.java:226) ~[lavaplayer-1.3.32.jar!/:na]
	at java.base/java.util.concurrent.FutureTask.run(FutureTask.java:264) ~[na:na]
	at java.base/java.util.concurrent.ThreadPoolExecutor.runWorker(ThreadPoolExecutor.java:1128) ~[na:na]
	at java.base/java.util.concurrent.ThreadPoolExecutor$Worker.run(ThreadPoolExecutor.java:628) ~[na:na]
	at java.base/java.lang.Thread.run(Thread.java:834) ~[na:na]
Caused by: java.lang.RuntimeException: Did not detect any supported formats
	at com.sedmelluq.discord.lavaplayer.source.soundcloud.DefaultSoundCloudFormatHandler.chooseBestFormat(DefaultSoundCloudFormatHandler.java:20) ~[lavaplayer-1.3.32.jar!/:na]
	at com.sedmelluq.discord.lavaplayer.source.soundcloud.SoundCloudAudioSourceManager.loadFromTrackData(SoundCloudAudioSourceManager.java:206) ~[lavaplayer-1.3.32.jar!/:na]
	at com.sedmelluq.discord.lavaplayer.source.soundcloud.SoundCloudAudioSourceManager.extractTracksFromSearchResults(SoundCloudAudioSourceManager.java:330) ~[lavaplayer-1.3.32.jar!/:na]
	at com.sedmelluq.discord.lavaplayer.source.soundcloud.SoundCloudAudioSourceManager.loadSearchResultsFromResponse(SoundCloudAudioSourceManager.java:307) ~[lavaplayer-1.3.32.jar!/:na]
	at com.sedmelluq.discord.lavaplayer.source.soundcloud.SoundCloudAudioSourceManager.loadSearchResult(SoundCloudAudioSourceManager.java:298) ~[lavaplayer-1.3.32.jar!/:na]
	at com.sedmelluq.discord.lavaplayer.source.soundcloud.SoundCloudAudioSourceManager.processAsSearchQuery(SoundCloudAudioSourceManager.java:278) ~[lavaplayer-1.3.32.jar!/:na]
	at com.sedmelluq.discord.lavaplayer.source.soundcloud.SoundCloudAudioSourceManager.loadItem(SoundCloudAudioSourceManager.java:122) ~[lavaplayer-1.3.32.jar!/:na]
	at com.sedmelluq.discord.lavaplayer.player.DefaultAudioPlayerManager.checkSourcesForItemOnce(DefaultAudioPlayerManager.java:437) ~[lavaplayer-1.3.32.jar!/:na]
	at com.sedmelluq.discord.lavaplayer.player.DefaultAudioPlayerManager.checkSourcesForItem(DefaultAudioPlayerManager.java:419) ~[lavaplayer-1.3.32.jar!/:na]
	at com.sedmelluq.discord.lavaplayer.player.DefaultAudioPlayerManager.lambda$createItemLoader$0(DefaultAudioPlayerManager.java:218) ~[lavaplayer-1.3.32.jar!/:na]
	... 4 common frames omitted

2020-03-07 14:18:41.035 ERROR 5916 --- [lava-daemon-pool-info-loader-2-thread-1] lavalink.server.player.AudioLoader       : Load failed

com.sedmelluq.discord.lavaplayer.tools.FriendlyException: Something went wrong when looking up the track
	at com.sedmelluq.discord.lavaplayer.tools.ExceptionTools.wrapUnfriendlyExceptions(ExceptionTools.java:43) ~[lavaplayer-1.3.32.jar!/:na]
	at com.sedmelluq.discord.lavaplayer.player.DefaultAudioPlayerManager.dispatchItemLoadFailure(DefaultAudioPlayerManager.java:237) ~[lavaplayer-1.3.32.jar!/:na]
	at com.sedmelluq.discord.lavaplayer.player.DefaultAudioPlayerManager.lambda$createItemLoader$0(DefaultAudioPlayerManager.java:226) ~[lavaplayer-1.3.32.jar!/:na]
	at java.base/java.util.concurrent.FutureTask.run(FutureTask.java:264) ~[na:na]
	at java.base/java.util.concurrent.ThreadPoolExecutor.runWorker(ThreadPoolExecutor.java:1128) ~[na:na]
	at java.base/java.util.concurrent.ThreadPoolExecutor$Worker.run(ThreadPoolExecutor.java:628) ~[na:na]
	at java.base/java.lang.Thread.run(Thread.java:834) ~[na:na]
Caused by: java.lang.RuntimeException: Did not detect any supported formats
	at com.sedmelluq.discord.lavaplayer.source.soundcloud.DefaultSoundCloudFormatHandler.chooseBestFormat(DefaultSoundCloudFormatHandler.java:20) ~[lavaplayer-1.3.32.jar!/:na]
	at com.sedmelluq.discord.lavaplayer.source.soundcloud.SoundCloudAudioSourceManager.loadFromTrackData(SoundCloudAudioSourceManager.java:206) ~[lavaplayer-1.3.32.jar!/:na]
	at com.sedmelluq.discord.lavaplayer.source.soundcloud.SoundCloudAudioSourceManager.extractTracksFromSearchResults(SoundCloudAudioSourceManager.java:330) ~[lavaplayer-1.3.32.jar!/:na]
	at com.sedmelluq.discord.lavaplayer.source.soundcloud.SoundCloudAudioSourceManager.loadSearchResultsFromResponse(SoundCloudAudioSourceManager.java:307) ~[lavaplayer-1.3.32.jar!/:na]
	at com.sedmelluq.discord.lavaplayer.source.soundcloud.SoundCloudAudioSourceManager.loadSearchResult(SoundCloudAudioSourceManager.java:298) ~[lavaplayer-1.3.32.jar!/:na]
	at com.sedmelluq.discord.lavaplayer.source.soundcloud.SoundCloudAudioSourceManager.processAsSearchQuery(SoundCloudAudioSourceManager.java:278) ~[lavaplayer-1.3.32.jar!/:na]
	at com.sedmelluq.discord.lavaplayer.source.soundcloud.SoundCloudAudioSourceManager.loadItem(SoundCloudAudioSourceManager.java:122) ~[lavaplayer-1.3.32.jar!/:na]
	at com.sedmelluq.discord.lavaplayer.player.DefaultAudioPlayerManager.checkSourcesForItemOnce(DefaultAudioPlayerManager.java:437) ~[lavaplayer-1.3.32.jar!/:na]
	at com.sedmelluq.discord.lavaplayer.player.DefaultAudioPlayerManager.checkSourcesForItem(DefaultAudioPlayerManager.java:419) ~[lavaplayer-1.3.32.jar!/:na]
	at com.sedmelluq.discord.lavaplayer.player.DefaultAudioPlayerManager.lambda$createItemLoader$0(DefaultAudioPlayerManager.java:218) ~[lavaplayer-1.3.32.jar!/:na]
	... 4 common frames omitted

2020-03-07 14:18:41.439  INFO 5916 --- [XNIO-1 I/O-1] lavalink.server.io.SocketServer          : {"sessionId":"7a2caadb59375bb82414650afd9a776b","event":{"token":"dc94c99a072d038a","guildid":"673512696288903199","endpoint":"singapore457.discord.media:80"},"guildId":"673512696288903199","op":"voiceUpdate"}
2020-03-07 14:18:53.684  INFO 5916 --- [XNIO-1 task-19] l.server.player.AudioLoaderRestHandler   : GET /loadtracks
2020-03-07 14:18:53.976  INFO 5916 --- [lava-daemon-pool-info-loader-2-thread-1] lavalink.server.player.AudioLoader       : Loaded playlist Search results for: technicolour mummra
2020-03-07 14:19:11.442  INFO 5916 --- [XNIO-1 task-21] l.server.player.AudioLoaderRestHandler   : GET /loadtracks
2020-03-07 14:19:12.256  INFO 5916 --- [lava-daemon-pool-info-loader-2-thread-1] lavalink.server.player.AudioLoader       : Loaded playlist Search results for: dance with you than talk with you
2020-03-07 14:19:12.258  INFO 5916 --- [XNIO-1 I/O-1] lavalink.server.io.SocketServer          : {"track":"QAAAnAIAMEtpbmdzIE9mIENvbnZlbmllbmNlIC0gSSdkIFJhdGhlciBEYW5jZSBXaXRoIFlvdQASS2luZ3NvZkNvbk9mZmljaWFsAAAAAAADjigAC09jelJwdUdLVGZZAAEAK2h0dHBzOi8vd3d3LnlvdXR1YmUuY29tL3dhdGNoP3Y9T2N6UnB1R0tUZlkAB3lvdXR1YmUAAAAAAAAAAA==","startTime":0,"endTime":0,"noReplace":false,"guildId":"673512696288903199","op":"play"}
2020-03-07 14:23:05.977  INFO 5916 --- [XNIO-1 I/O-1] lavalink.server.io.SocketServer          : {"guildId":"673512696288903199","op":"destroy"}
2020-03-07 14:30:36.134  INFO 5916 --- [XNIO-1 task-23] l.server.player.AudioLoaderRestHandler   : GET /loadtracks
2020-03-07 14:30:36.848  INFO 5916 --- [lava-daemon-pool-info-loader-2-thread-1] lavalink.server.player.AudioLoader       : Loaded playlist Search results for: no me ames
2020-03-07 14:30:37.316  INFO 5916 --- [XNIO-1 I/O-1] lavalink.server.io.SocketServer          : {"track":"QAAAgwIAG0plbm5pZmVyIExvcGV6IC0gTm8gTWUgQW1lcwAOSmVubmlmZXIgTG9wZXoAAAAAAARo6AALLXJiZTZZVF90MGMAAQAraHR0cHM6Ly93d3cueW91dHViZS5jb20vd2F0Y2g/dj0tcmJlNllUX3QwYwAHeW91dHViZQAAAAAAAAAA","startTime":0,"endTime":0,"noReplace":false,"guildId":"673512696288903199","op":"play"}
2020-03-07 14:30:37.620  INFO 5916 --- [XNIO-1 I/O-1] lavalink.server.io.SocketServer          : {"sessionId":"7a2caadb59375bb82414650afd9a776b","event":{"token":"84abd2fa49da8370","guildid":"673512696288903199","endpoint":"singapore457.discord.media:80"},"guildId":"673512696288903199","op":"voiceUpdate"}
2020-03-07 14:35:27.205  INFO 5916 --- [XNIO-1 I/O-1] lavalink.server.io.SocketServer          : {"guildId":"673512696288903199","op":"destroy"}
2020-03-07 14:35:52.552  INFO 5916 --- [XNIO-1 task-25] l.server.player.AudioLoaderRestHandler   : GET /loadtracks
2020-03-07 14:35:53.185  INFO 5916 --- [lava-daemon-pool-info-loader-2-thread-1] lavalink.server.player.AudioLoader       : Loaded playlist Search results for: why am i cryin acoustic molly
2020-03-07 14:35:53.390  INFO 5916 --- [XNIO-1 I/O-1] lavalink.server.io.SocketServer          : {"track":"QAAAlgIANE1vbGx5IFNhbmTDqW4gLSBXaHkgQW0gSSBDcnlpbmcgQWNvdXN0aWMgKEZ1bGwgU29uZykACGNlbGliYWV4AAAAAAAD4DAAC05WbE91MjFZZ0ZVAAEAK2h0dHBzOi8vd3d3LnlvdXR1YmUuY29tL3dhdGNoP3Y9TlZsT3UyMVlnRlUAB3lvdXR1YmUAAAAAAAAAAA==","startTime":0,"endTime":0,"noReplace":false,"guildId":"673512696288903199","op":"play"}
2020-03-07 14:35:53.696  INFO 5916 --- [XNIO-1 I/O-1] lavalink.server.io.SocketServer          : {"sessionId":"7a2caadb59375bb82414650afd9a776b","event":{"token":"c229fa896118cdbd","guildid":"673512696288903199","endpoint":"singapore457.discord.media:80"},"guildId":"673512696288903199","op":"voiceUpdate"}
2020-03-07 14:39:37.713  INFO 5916 --- [XNIO-1 task-27] l.server.player.AudioLoaderRestHandler   : GET /loadtracks
2020-03-07 14:39:38.214  INFO 5916 --- [lava-daemon-pool-info-loader-2-thread-1] lavalink.server.player.AudioLoader       : No matches found
2020-03-07 14:39:54.764  INFO 5916 --- [XNIO-1 task-29] l.server.player.AudioLoaderRestHandler   : GET /loadtracks
2020-03-07 14:39:55.480  INFO 5916 --- [lava-daemon-pool-info-loader-2-thread-1] lavalink.server.player.AudioLoader       : Loaded playlist Search results for: dance like no ones watching molly
2020-03-07 14:40:10.071  INFO 5916 --- [XNIO-1 I/O-1] lavalink.server.io.SocketServer          : {"track":"QAAAjQIAJk1vbGx5IFNhbmTDqW4gLSBMaWtlIE5vIE9uZSdzIFdhdGNoaW5nAA1Nb2xseSBTYW5kw6luAAAAAAADBXAAC3lzaVBXM0pkdnhJAAEAK2h0dHBzOi8vd3d3LnlvdXR1YmUuY29tL3dhdGNoP3Y9eXNpUFczSmR2eEkAB3lvdXR1YmUAAAAAAAAAAA==","startTime":0,"endTime":0,"noReplace":false,"guildId":"673512696288903199","op":"play"}
2020-03-07 14:41:17.955  INFO 5916 --- [XNIO-1 task-31] l.server.player.AudioLoaderRestHandler   : GET /loadtracks
2020-03-07 14:41:18.503  INFO 5916 --- [lava-daemon-pool-info-loader-2-thread-1] lavalink.server.player.AudioLoader       : Loaded playlist Search results for: gereja tua pacified
2020-03-07 14:43:27.750  INFO 5916 --- [XNIO-1 I/O-1] lavalink.server.io.SocketServer          : {"track":"QAAAlQIAKlBBTkJFUlMgLSBHRVJFSkEgVFVBIENPVkVSIGJ5ICggUEFDSUZJRUQgKQARUEFDSUZJRUQgT0ZGSUNJQUwAAAAAAAS+2AALd1pnOXFHNXo2WGcAAQAraHR0cHM6Ly93d3cueW91dHViZS5jb20vd2F0Y2g/dj13Wmc5cUc1ejZYZwAHeW91dHViZQAAAAAAAAAA","startTime":0,"endTime":0,"noReplace":false,"guildId":"673512696288903199","op":"play"}
2020-03-07 14:48:38.838  INFO 5916 --- [XNIO-1 I/O-1] lavalink.server.io.SocketServer          : {"guildId":"673512696288903199","op":"destroy"}
2020-03-07 15:01:06.198  INFO 5916 --- [XNIO-1 task-1] l.server.io.HandshakeInterceptorImpl     : Incoming connection from /127.0.0.1:55504
2020-03-07 15:01:07.767  INFO 5916 --- [XNIO-1 task-1] c.s.d.l.tools.GarbageCollectionMonitor   : GC monitoring enabled, reporting results every 2 minutes.
2020-03-07 15:01:08.342  INFO 5916 --- [XNIO-1 task-1] lavalink.server.io.SocketServer          : Connection successfully established from /127.0.0.1:55504
2020-03-07 15:02:43.734  INFO 5916 --- [XNIO-1 I/O-4] lavalink.server.io.SocketServer          : Connection closed from /127.0.0.1:55504 -- CloseStatus[code=1006, reason=]
2020-03-07 15:02:43.796  INFO 5916 --- [XNIO-1 I/O-4] lavalink.server.io.SocketContext         : Shutting down 0 playing players.
2020-03-07 15:02:43.797  INFO 5916 --- [XNIO-1 I/O-4] c.s.d.l.tools.GarbageCollectionMonitor   : GC monitoring disabled.
2020-03-07 15:03:08.157  INFO 5916 --- [XNIO-1 task-2] l.server.io.HandshakeInterceptorImpl     : Incoming connection from /127.0.0.1:55521
2020-03-07 15:03:08.209  INFO 5916 --- [XNIO-1 task-2] c.s.d.l.tools.GarbageCollectionMonitor   : GC monitoring enabled, reporting results every 2 minutes.
2020-03-07 15:03:08.265  INFO 5916 --- [XNIO-1 task-2] lavalink.server.io.SocketServer          : Connection successfully established from /127.0.0.1:55521
2020-03-07 15:03:22.607  INFO 5916 --- [XNIO-1 I/O-1] lavalink.server.io.SocketServer          : Connection closed from /127.0.0.1:55521 -- CloseStatus[code=1006, reason=]
2020-03-07 15:03:22.608  INFO 5916 --- [XNIO-1 I/O-1] lavalink.server.io.SocketContext         : Shutting down 0 playing players.
2020-03-07 15:03:22.608  INFO 5916 --- [XNIO-1 I/O-1] c.s.d.l.tools.GarbageCollectionMonitor   : GC monitoring disabled.
2020-03-07 15:03:40.705  INFO 5916 --- [XNIO-1 task-3] l.server.io.HandshakeInterceptorImpl     : Incoming connection from /127.0.0.1:55532
2020-03-07 15:03:40.788  INFO 5916 --- [XNIO-1 task-3] c.s.d.l.tools.GarbageCollectionMonitor   : GC monitoring enabled, reporting results every 2 minutes.
2020-03-07 15:03:40.835  INFO 5916 --- [XNIO-1 task-3] lavalink.server.io.SocketServer          : Connection successfully established from /127.0.0.1:55532
2020-03-07 15:04:30.564  INFO 5916 --- [XNIO-1 I/O-4] lavalink.server.io.SocketServer          : Connection closed from /127.0.0.1:55532 -- CloseStatus[code=1006, reason=]
2020-03-07 15:04:30.565  INFO 5916 --- [XNIO-1 I/O-4] lavalink.server.io.SocketContext         : Shutting down 0 playing players.
2020-03-07 15:04:30.792  INFO 5916 --- [XNIO-1 I/O-4] c.s.d.l.tools.GarbageCollectionMonitor   : GC monitoring disabled.
2020-03-07 15:07:18.524  INFO 5916 --- [XNIO-1 task-4] l.server.io.HandshakeInterceptorImpl     : Incoming connection from /127.0.0.1:55551
2020-03-07 15:07:18.559  INFO 5916 --- [XNIO-1 task-4] c.s.d.l.tools.GarbageCollectionMonitor   : GC monitoring enabled, reporting results every 2 minutes.
2020-03-07 15:07:18.649  INFO 5916 --- [XNIO-1 task-4] lavalink.server.io.SocketServer          : Connection successfully established from /127.0.0.1:55551
2020-03-07 15:07:48.783  INFO 5916 --- [XNIO-1 I/O-3] lavalink.server.io.SocketServer          : Connection closed from /127.0.0.1:55551 -- CloseStatus[code=1006, reason=]
2020-03-07 15:07:48.799  INFO 5916 --- [XNIO-1 I/O-3] lavalink.server.io.SocketContext         : Shutting down 0 playing players.
2020-03-07 15:07:48.799  INFO 5916 --- [XNIO-1 I/O-3] c.s.d.l.tools.GarbageCollectionMonitor   : GC monitoring disabled.
2020-03-07 15:08:00.322  INFO 5916 --- [XNIO-1 task-5] l.server.io.HandshakeInterceptorImpl     : Incoming connection from /127.0.0.1:55560
2020-03-07 15:08:00.429  INFO 5916 --- [XNIO-1 task-5] c.s.d.l.tools.GarbageCollectionMonitor   : GC monitoring enabled, reporting results every 2 minutes.
2020-03-07 15:08:00.468  INFO 5916 --- [XNIO-1 task-5] lavalink.server.io.SocketServer          : Connection successfully established from /127.0.0.1:55560
2020-03-07 15:08:17.873  WARN 5916 --- [lava-daemon-pool-manager-3-thread-1] c.s.d.l.tools.GarbageCollectionMonitor   : Suspicious GC results for the last 2 minutes: [Bucket 0 = 0] [Bucket 20 = 0] [Bucket 50 = 0] [Bucket 200 = 1] [Bucket 500 = 0] [Bucket 2000 = 0] 
2020-03-07 15:08:25.527  WARN 5916 --- [lava-daemon-pool-manager-7-thread-1] c.s.d.l.tools.GarbageCollectionMonitor   : Suspicious GC results for the last 2 minutes: [Bucket 0 = 0] [Bucket 20 = 0] [Bucket 50 = 0] [Bucket 200 = 1] [Bucket 500 = 0] [Bucket 2000 = 0] 
2020-03-07 15:08:38.217  INFO 5916 --- [XNIO-1 I/O-4] lavalink.server.io.SocketServer          : Connection closed from /127.0.0.1:55560 -- CloseStatus[code=1006, reason=]
2020-03-07 15:08:38.218  INFO 5916 --- [XNIO-1 I/O-4] lavalink.server.io.SocketContext         : Shutting down 0 playing players.
2020-03-07 15:08:38.218  INFO 5916 --- [XNIO-1 I/O-4] c.s.d.l.tools.GarbageCollectionMonitor   : GC monitoring disabled.
2020-03-07 15:09:35.339  INFO 5916 --- [XNIO-1 task-6] l.server.io.HandshakeInterceptorImpl     : Incoming connection from /127.0.0.1:55571
2020-03-07 15:09:35.346  INFO 5916 --- [XNIO-1 task-6] c.s.d.l.tools.GarbageCollectionMonitor   : GC monitoring enabled, reporting results every 2 minutes.
2020-03-07 15:09:35.424  INFO 5916 --- [XNIO-1 task-6] lavalink.server.io.SocketServer          : Connection successfully established from /127.0.0.1:55571
2020-03-07 15:10:23.275  INFO 5916 --- [XNIO-1 I/O-3] lavalink.server.io.SocketServer          : Connection closed from /127.0.0.1:55571 -- CloseStatus[code=1006, reason=]
2020-03-07 15:10:23.275  INFO 5916 --- [XNIO-1 I/O-3] lavalink.server.io.SocketContext         : Shutting down 0 playing players.
2020-03-07 15:10:23.278  INFO 5916 --- [XNIO-1 I/O-3] c.s.d.l.tools.GarbageCollectionMonitor   : GC monitoring disabled.
2020-03-07 15:11:19.570  INFO 5916 --- [XNIO-1 task-7] l.server.io.HandshakeInterceptorImpl     : Incoming connection from /127.0.0.1:55584
2020-03-07 15:11:19.595  INFO 5916 --- [XNIO-1 task-7] c.s.d.l.tools.GarbageCollectionMonitor   : GC monitoring enabled, reporting results every 2 minutes.
2020-03-07 15:11:19.637  INFO 5916 --- [XNIO-1 task-7] lavalink.server.io.SocketServer          : Connection successfully established from /127.0.0.1:55584
2020-03-07 15:12:06.197  INFO 5916 --- [XNIO-1 I/O-4] lavalink.server.io.SocketServer          : Connection closed from /127.0.0.1:55584 -- CloseStatus[code=1006, reason=]
2020-03-07 15:12:06.197  INFO 5916 --- [XNIO-1 I/O-4] lavalink.server.io.SocketContext         : Shutting down 0 playing players.
2020-03-07 15:12:06.227  INFO 5916 --- [XNIO-1 I/O-4] c.s.d.l.tools.GarbageCollectionMonitor   : GC monitoring disabled.
2020-03-07 15:21:25.815  WARN 5916 --- [pool-3-thread-1] o.s.os.windows.WindowsOperatingSystem    : Failed to set path or get user/group on PID 5916. It may have terminated. The parameter is incorrect.
2020-03-07 15:21:30.064  INFO 5916 --- [XNIO-1 I/O-1] lavalink.server.io.SocketServer          : Connection closed from /127.0.0.1:57653 -- CloseStatus[code=1006, reason=]
2020-03-07 15:21:30.065  INFO 5916 --- [XNIO-1 I/O-1] lavalink.server.io.SocketContext         : Shutting down 0 playing players.
2020-03-07 15:21:30.066  INFO 5916 --- [XNIO-1 I/O-1] c.s.d.l.tools.GarbageCollectionMonitor   : GC monitoring disabled.
2020-03-07 15:26:29.318  INFO 5916 --- [XNIO-1 task-8] l.server.io.HandshakeInterceptorImpl     : Incoming connection from /127.0.0.1:55785
2020-03-07 15:26:29.403  INFO 5916 --- [XNIO-1 task-8] c.s.d.l.tools.GarbageCollectionMonitor   : GC monitoring enabled, reporting results every 2 minutes.
2020-03-07 15:26:29.469  INFO 5916 --- [XNIO-1 task-8] lavalink.server.io.SocketServer          : Connection successfully established from /127.0.0.1:55785
2020-03-07 15:26:48.746  INFO 5916 --- [XNIO-1 task-9] l.server.player.AudioLoaderRestHandler   : GET /loadtracks
2020-03-07 15:26:51.979  INFO 5916 --- [lava-daemon-pool-info-loader-2-thread-1] lavalink.server.player.AudioLoader       : Loaded playlist Search results for: when i need you celine
2020-03-07 15:26:52.404  INFO 5916 --- [XNIO-1 I/O-1] lavalink.server.io.SocketServer          : {"track":"QAAAlwIANUNlbGluZSBEaW9uIC0gV2hlbiBJIE5lZWQgWW91IChseXJpY3MpIDkwJ3MgVGhyb3diYWNrAAhteWtpZTI1MwAAAAAAA9hgAAtjTGZMT2hXWVVCMAABACtodHRwczovL3d3dy55b3V0dWJlLmNvbS93YXRjaD92PWNMZkxPaFdZVUIwAAd5b3V0dWJlAAAAAAAAAAA=","startTime":0,"endTime":0,"noReplace":false,"guildId":"673512696288903199","op":"play"}
2020-03-07 15:26:53.230  INFO 5916 --- [XNIO-1 I/O-1] lavalink.server.io.SocketServer          : {"sessionId":"88c2cb139dd9545d55860a54dff60f21","event":{"token":"75804e5f7007087d","guildid":"673512696288903199","endpoint":"singapore457.discord.media:80"},"guildId":"673512696288903199","op":"voiceUpdate"}
2020-03-07 15:28:17.917  WARN 5916 --- [lava-daemon-pool-manager-3-thread-1] c.s.d.l.tools.GarbageCollectionMonitor   : Suspicious GC results for the last 2 minutes: [Bucket 0 = 0] [Bucket 20 = 1] [Bucket 50 = 1] [Bucket 200 = 2] [Bucket 500 = 0] [Bucket 2000 = 0] 
2020-03-07 15:28:29.409  WARN 5916 --- [lava-daemon-pool-manager-43-thread-1] c.s.d.l.tools.GarbageCollectionMonitor   : Suspicious GC results for the last 2 minutes: [Bucket 0 = 0] [Bucket 20 = 1] [Bucket 50 = 1] [Bucket 200 = 2] [Bucket 500 = 0] [Bucket 2000 = 0] 
2020-03-07 15:30:00.732  INFO 5916 --- [XNIO-1 task-11] l.server.io.HandshakeInterceptorImpl     : Incoming connection from /127.0.0.1:55824
2020-03-07 15:30:00.748  INFO 5916 --- [XNIO-1 task-11] c.s.d.l.tools.GarbageCollectionMonitor   : GC monitoring enabled, reporting results every 2 minutes.
2020-03-07 15:30:00.782  INFO 5916 --- [XNIO-1 task-11] lavalink.server.io.SocketServer          : Connection successfully established from /127.0.0.1:55824
